[ 2015-08-28T11:52:56+08:00 ] 127.0.0.1 /searchsys/Home/Index/index.html
INFO: [ app_init ] --START--
INFO: Run Behavior\BuildLiteBehavior [ RunTime:0.000000s ]
INFO: [ app_init ] --END-- [ RunTime:0.000000s ]
INFO: [ app_begin ] --START--
INFO: Run Behavior\ReadHtmlCacheBehavior [ RunTime:0.000000s ]
INFO: [ app_begin ] --END-- [ RunTime:0.000000s ]
INFO: [ view_parse ] --START--
INFO: [ template_filter ] --START--
INFO: Run Behavior\ContentReplaceBehavior [ RunTime:0.000000s ]
INFO: [ template_filter ] --END-- [ RunTime:0.000000s ]
NOTIC: [8] Undefined variable: words D:\www\searchsys\Application\Runtime\Cache\Home\2a94b8bda04ff446dcedd42276fc99ee.php Á¨¨ 17 Ë°å.
NOTIC: [8] Undefined variable: search_info D:\www\searchsys\Application\Runtime\Cache\Home\2a94b8bda04ff446dcedd42276fc99ee.php Á¨¨ 21 Ë°å.
NOTIC: [8] Undefined variable: list D:\www\searchsys\Application\Runtime\Cache\Home\2a94b8bda04ff446dcedd42276fc99ee.php Á¨¨ 23 Ë°å.
NOTIC: [8] Undefined variable: page D:\www\searchsys\Application\Runtime\Cache\Home\2a94b8bda04ff446dcedd42276fc99ee.php Á¨¨ 30 Ë°å.
INFO: Run Behavior\ParseTemplateBehavior [ RunTime:0.000000s ]
INFO: [ view_parse ] --END-- [ RunTime:0.000000s ]
INFO: [ view_filter ] --START--
INFO: Run Behavior\WriteHtmlCacheBehavior [ RunTime:0.000000s ]
INFO: [ view_filter ] --END-- [ RunTime:0.000000s ]
INFO: [ app_end ] --START--
INFO: Run Behavior\ShowPageTraceBehavior [ RunTime:0.000000s ]
INFO: [ app_end ] --END-- [ RunTime:0.000000s ]

[ 2015-08-28T11:52:59+08:00 ] 127.0.0.1 /searchsys/Home/index/search.html?words=de
INFO: [ app_init ] --START--
INFO: Run Behavior\BuildLiteBehavior [ RunTime:0.000000s ]
INFO: [ app_init ] --END-- [ RunTime:0.000000s ]
INFO: [ app_begin ] --START--
INFO: Run Behavior\ReadHtmlCacheBehavior [ RunTime:0.000000s ]
INFO: [ app_begin ] --END-- [ RunTime:0.000000s ]
SQL: SHOW COLUMNS FROM `sc_system` [ RunTime:0.0000s ]
SQL: SELECT * FROM `sc_system` WHERE `type` = 'ÊêúÁ¥¢ËÆæÁΩÆ'  [ RunTime:0.0000s ]
NOTIC: [2] assert() [<a href='function.assert'>function.assert</a>]: Assertion failed D:\www\searchsys\ThinkPHP\Library\Org\Util\SphinxClient.class.php Á¨¨ 505 Ë°å.
NOTIC: [2] fsockopen() [<a href='function.fsockopen'>function.fsockopen</a>]: unable to connect to 127.0.0.1:9312 (”…”⁄¡¨Ω”∑Ω‘⁄“ª∂Œ ±º‰∫Û√ª”–’˝»∑¥∏¥ªÚ¡¨Ω”µƒ÷˜ª˙√ª”–∑¥”¶£¨¡¨Ω”≥¢ ‘ ß∞‹°£
) D:\www\searchsys\ThinkPHP\Library\Org\Util\SphinxClient.class.php Á¨¨ 583 Ë°å.

[ 2015-08-28T11:53:07+08:00 ] 127.0.0.1 /searchsys/Home/index/search.html?words=de
INFO: [ app_init ] --START--
INFO: Run Behavior\BuildLiteBehavior [ RunTime:0.000000s ]
INFO: [ app_init ] --END-- [ RunTime:0.000000s ]
INFO: [ app_begin ] --START--
INFO: Run Behavior\ReadHtmlCacheBehavior [ RunTime:0.000000s ]
INFO: [ app_begin ] --END-- [ RunTime:0.000000s ]
SQL: SHOW COLUMNS FROM `sc_system` [ RunTime:0.0000s ]
SQL: SELECT * FROM `sc_system` WHERE `type` = 'ÊêúÁ¥¢ËÆæÁΩÆ'  [ RunTime:0.0156s ]
NOTIC: [2] assert() [<a href='function.assert'>function.assert</a>]: Assertion failed D:\www\searchsys\ThinkPHP\Library\Org\Util\SphinxClient.class.php Á¨¨ 505 Ë°å.
NOTIC: [2] assert() [<a href='function.assert'>function.assert</a>]: Assertion failed D:\www\searchsys\ThinkPHP\Library\Org\Util\SphinxClient.class.php Á¨¨ 698 Ë°å.
NOTIC: [8] Undefined index: matches D:\www\searchsys\Application\Home\Controller\IndexController.class.php Á¨¨ 59 Ë°å.
NOTIC: [2] array_keys() expects parameter 1 to be array, null given D:\www\searchsys\Application\Home\Controller\IndexController.class.php Á¨¨ 59 Ë°å.
NOTIC: [2] Invalid argument supplied for foreach() D:\www\searchsys\Application\Home\Controller\IndexController.class.php Á¨¨ 63 Ë°å.
SQL: SHOW COLUMNS FROM `sc_article` [ RunTime:0.0000s ]
SQL: SELECT * FROM `sc_article` WHERE `id` IN ('')  [ RunTime:0.0156s ]
NOTIC: [8] Undefined variable: title D:\www\searchsys\Application\Home\Controller\IndexController.class.php Á¨¨ 90 Ë°å.
NOTIC: [2] assert() [<a href='function.assert'>function.assert</a>]: Assertion failed D:\www\searchsys\ThinkPHP\Library\Org\Util\SphinxClient.class.php Á¨¨ 1288 Ë°å.
NOTIC: [2] Invalid argument supplied for foreach() D:\www\searchsys\ThinkPHP\Library\Org\Util\SphinxClient.class.php Á¨¨ 1338 Ë°å.
NOTIC: [8] Undefined variable: content D:\www\searchsys\Application\Home\Controller\IndexController.class.php Á¨¨ 91 Ë°å.
NOTIC: [2] assert() [<a href='function.assert'>function.assert</a>]: Assertion failed D:\www\searchsys\ThinkPHP\Library\Org\Util\SphinxClient.class.php Á¨¨ 1288 Ë°å.
NOTIC: [2] Invalid argument supplied for foreach() D:\www\searchsys\ThinkPHP\Library\Org\Util\SphinxClient.class.php Á¨¨ 1338 Ë°å.
INFO: [ view_parse ] --START--
INFO: [ template_filter ] --START--
INFO: Run Behavior\ContentReplaceBehavior [ RunTime:0.000000s ]
INFO: [ template_filter ] --END-- [ RunTime:0.000000s ]
INFO: Run Behavior\ParseTemplateBehavior [ RunTime:0.000000s ]
INFO: [ view_parse ] --END-- [ RunTime:0.000000s ]
INFO: [ view_filter ] --START--
INFO: Run Behavior\WriteHtmlCacheBehavior [ RunTime:0.000000s ]
INFO: [ view_filter ] --END-- [ RunTime:0.000000s ]
INFO: [ app_end ] --START--
INFO: Run Behavior\ShowPageTraceBehavior [ RunTime:0.000000s ]
INFO: [ app_end ] --END-- [ RunTime:0.000000s ]

[ 2015-08-28T11:53:16+08:00 ] 127.0.0.1 /searchsys/Home/index/search.html?words=%E7%9A%84
INFO: [ app_init ] --START--
INFO: Run Behavior\BuildLiteBehavior [ RunTime:0.000000s ]
INFO: [ app_init ] --END-- [ RunTime:0.000000s ]
INFO: [ app_begin ] --START--
INFO: Run Behavior\ReadHtmlCacheBehavior [ RunTime:0.000000s ]
INFO: [ app_begin ] --END-- [ RunTime:0.000000s ]
SQL: SHOW COLUMNS FROM `sc_system` [ RunTime:0.0156s ]
SQL: SELECT * FROM `sc_system` WHERE `type` = 'ÊêúÁ¥¢ËÆæÁΩÆ'  [ RunTime:0.0000s ]
NOTIC: [2] assert() [<a href='function.assert'>function.assert</a>]: Assertion failed D:\www\searchsys\ThinkPHP\Library\Org\Util\SphinxClient.class.php Á¨¨ 505 Ë°å.
NOTIC: [2] assert() [<a href='function.assert'>function.assert</a>]: Assertion failed D:\www\searchsys\ThinkPHP\Library\Org\Util\SphinxClient.class.php Á¨¨ 698 Ë°å.
SQL: SHOW COLUMNS FROM `sc_article` [ RunTime:0.0000s ]
SQL: SELECT * FROM `sc_article` WHERE `id` IN ('257','258','261','263','266','267','268','269','272','273','276','277','278','280','293')  [ RunTime:0.0156s ]
INFO: [ view_parse ] --START--
INFO: [ template_filter ] --START--
INFO: Run Behavior\ContentReplaceBehavior [ RunTime:0.000000s ]
INFO: [ template_filter ] --END-- [ RunTime:0.000000s ]
INFO: Run Behavior\ParseTemplateBehavior [ RunTime:0.000000s ]
INFO: [ view_parse ] --END-- [ RunTime:0.000000s ]
INFO: [ view_filter ] --START--
INFO: Run Behavior\WriteHtmlCacheBehavior [ RunTime:0.000000s ]
INFO: [ view_filter ] --END-- [ RunTime:0.000000s ]
INFO: [ app_end ] --START--
INFO: Run Behavior\ShowPageTraceBehavior [ RunTime:0.000000s ]
INFO: [ app_end ] --END-- [ RunTime:0.000000s ]

[ 2015-08-28T11:53:26+08:00 ] 127.0.0.1 /searchsys/Home/index/search.html?words=%E5%88%86%E4%BA%AB%E9%83%A8%E5%88%86%E4%BC%98%E6%83%A0
INFO: [ app_init ] --START--
INFO: Run Behavior\BuildLiteBehavior [ RunTime:0.000000s ]
INFO: [ app_init ] --END-- [ RunTime:0.001000s ]
INFO: [ app_begin ] --START--
INFO: Run Behavior\ReadHtmlCacheBehavior [ RunTime:0.001000s ]
INFO: [ app_begin ] --END-- [ RunTime:0.001000s ]
SQL: SHOW COLUMNS FROM `sc_system` [ RunTime:0.0000s ]
SQL: SELECT * FROM `sc_system` WHERE `type` = 'ÊêúÁ¥¢ËÆæÁΩÆ'  [ RunTime:0.0000s ]
NOTIC: [2] assert() [<a href='function.assert'>function.assert</a>]: Assertion failed D:\www\searchsys\ThinkPHP\Library\Org\Util\SphinxClient.class.php Á¨¨ 505 Ë°å.
NOTIC: [2] assert() [<a href='function.assert'>function.assert</a>]: Assertion failed D:\www\searchsys\ThinkPHP\Library\Org\Util\SphinxClient.class.php Á¨¨ 698 Ë°å.
SQL: SHOW COLUMNS FROM `sc_article` [ RunTime:0.0000s ]
SQL: SELECT * FROM `sc_article` WHERE `id` IN ('256','257','258','259','260','262','263','264','265','266','267','268','269','270','271')  [ RunTime:0.0000s ]
INFO: [ view_parse ] --START--
INFO: [ template_filter ] --START--
INFO: Run Behavior\ContentReplaceBehavior [ RunTime:0.000000s ]
INFO: [ template_filter ] --END-- [ RunTime:0.000000s ]
INFO: Run Behavior\ParseTemplateBehavior [ RunTime:0.015600s ]
INFO: [ view_parse ] --END-- [ RunTime:0.015600s ]
INFO: [ view_filter ] --START--
INFO: Run Behavior\WriteHtmlCacheBehavior [ RunTime:0.000000s ]
INFO: [ view_filter ] --END-- [ RunTime:0.000000s ]
INFO: [ app_end ] --START--
INFO: Run Behavior\ShowPageTraceBehavior [ RunTime:0.000000s ]
INFO: [ app_end ] --END-- [ RunTime:0.000000s ]

[ 2015-08-28T11:53:38+08:00 ] 127.0.0.1 /searchsys/Index/search/words/%E5%88%86%E4%BA%AB%E9%83%A8%E5%88%86%E4%BC%98%E6%83%A0/p/2.html
INFO: [ app_init ] --START--
INFO: Run Behavior\BuildLiteBehavior [ RunTime:0.000000s ]
INFO: [ app_init ] --END-- [ RunTime:0.000000s ]
INFO: [ app_begin ] --START--
INFO: Run Behavior\ReadHtmlCacheBehavior [ RunTime:0.000000s ]
INFO: [ app_begin ] --END-- [ RunTime:0.000000s ]
SQL: SHOW COLUMNS FROM `sc_system` [ RunTime:0.0000s ]
SQL: SELECT * FROM `sc_system` WHERE `type` = 'ÊêúÁ¥¢ËÆæÁΩÆ'  [ RunTime:0.0000s ]
NOTIC: [2] assert() [<a href='function.assert'>function.assert</a>]: Assertion failed D:\www\searchsys\ThinkPHP\Library\Org\Util\SphinxClient.class.php Á¨¨ 505 Ë°å.
NOTIC: [2] assert() [<a href='function.assert'>function.assert</a>]: Assertion failed D:\www\searchsys\ThinkPHP\Library\Org\Util\SphinxClient.class.php Á¨¨ 698 Ë°å.
SQL: SHOW COLUMNS FROM `sc_article` [ RunTime:0.0000s ]
SQL: SELECT * FROM `sc_article` WHERE `id` IN ('274','380','410','555','934','995','996','1751','2045','2187','2319','2324','2325','2326','2332')  [ RunTime:0.0156s ]
INFO: [ view_parse ] --START--
INFO: [ template_filter ] --START--
INFO: Run Behavior\ContentReplaceBehavior [ RunTime:0.000000s ]
INFO: [ template_filter ] --END-- [ RunTime:0.000000s ]
INFO: Run Behavior\ParseTemplateBehavior [ RunTime:0.015600s ]
INFO: [ view_parse ] --END-- [ RunTime:0.015600s ]
INFO: [ view_filter ] --START--
INFO: Run Behavior\WriteHtmlCacheBehavior [ RunTime:0.000000s ]
INFO: [ view_filter ] --END-- [ RunTime:0.000000s ]
INFO: [ app_end ] --START--
INFO: Run Behavior\ShowPageTraceBehavior [ RunTime:0.000000s ]
INFO: [ app_end ] --END-- [ RunTime:0.000000s ]

[ 2015-08-28T11:53:40+08:00 ] 127.0.0.1 /searchsys/Index/search/words/%E5%88%86%E4%BA%AB%E9%83%A8%E5%88%86%E4%BC%98%E6%83%A0/p/3.html
INFO: [ app_init ] --START--
INFO: Run Behavior\BuildLiteBehavior [ RunTime:0.000000s ]
INFO: [ app_init ] --END-- [ RunTime:0.000000s ]
INFO: [ app_begin ] --START--
INFO: Run Behavior\ReadHtmlCacheBehavior [ RunTime:0.000000s ]
INFO: [ app_begin ] --END-- [ RunTime:0.000000s ]
SQL: SHOW COLUMNS FROM `sc_system` [ RunTime:0.0000s ]
SQL: SELECT * FROM `sc_system` WHERE `type` = 'ÊêúÁ¥¢ËÆæÁΩÆ'  [ RunTime:0.0000s ]
NOTIC: [2] assert() [<a href='function.assert'>function.assert</a>]: Assertion failed D:\www\searchsys\ThinkPHP\Library\Org\Util\SphinxClient.class.php Á¨¨ 505 Ë°å.
NOTIC: [2] assert() [<a href='function.assert'>function.assert</a>]: Assertion failed D:\www\searchsys\ThinkPHP\Library\Org\Util\SphinxClient.class.php Á¨¨ 698 Ë°å.
SQL: SHOW COLUMNS FROM `sc_article` [ RunTime:0.0000s ]
SQL: SELECT * FROM `sc_article` WHERE `id` IN ('2333','2349','2474','2894','2962','3612','3623','2322','3034','3035','3630','622')  [ RunTime:0.0000s ]
INFO: [ view_parse ] --START--
INFO: [ template_filter ] --START--
INFO: Run Behavior\ContentReplaceBehavior [ RunTime:0.000000s ]
INFO: [ template_filter ] --END-- [ RunTime:0.000000s ]
INFO: Run Behavior\ParseTemplateBehavior [ RunTime:0.015600s ]
INFO: [ view_parse ] --END-- [ RunTime:0.015600s ]
INFO: [ view_filter ] --START--
INFO: Run Behavior\WriteHtmlCacheBehavior [ RunTime:0.000000s ]
INFO: [ view_filter ] --END-- [ RunTime:0.000000s ]
INFO: [ app_end ] --START--
INFO: Run Behavior\ShowPageTraceBehavior [ RunTime:0.000000s ]
INFO: [ app_end ] --END-- [ RunTime:0.000000s ]

[ 2015-08-28T11:53:48+08:00 ] 127.0.0.1 /searchsys/Index/search/words/%E5%88%86%E4%BA%AB%E9%83%A8%E5%88%86%E4%BC%98%E6%83%A0/p/2.html
INFO: [ app_init ] --START--
INFO: Run Behavior\BuildLiteBehavior [ RunTime:0.000000s ]
INFO: [ app_init ] --END-- [ RunTime:0.000000s ]
INFO: [ app_begin ] --START--
INFO: Run Behavior\ReadHtmlCacheBehavior [ RunTime:0.000000s ]
INFO: [ app_begin ] --END-- [ RunTime:0.000000s ]
SQL: SHOW COLUMNS FROM `sc_system` [ RunTime:0.0000s ]
SQL: SELECT * FROM `sc_system` WHERE `type` = 'ÊêúÁ¥¢ËÆæÁΩÆ'  [ RunTime:0.0000s ]
NOTIC: [2] assert() [<a href='function.assert'>function.assert</a>]: Assertion failed D:\www\searchsys\ThinkPHP\Library\Org\Util\SphinxClient.class.php Á¨¨ 505 Ë°å.
NOTIC: [2] assert() [<a href='function.assert'>function.assert</a>]: Assertion failed D:\www\searchsys\ThinkPHP\Library\Org\Util\SphinxClient.class.php Á¨¨ 698 Ë°å.
SQL: SHOW COLUMNS FROM `sc_article` [ RunTime:0.0000s ]
SQL: SELECT * FROM `sc_article` WHERE `id` IN ('274','380','410','555','934','995','996','1751','2045','2187','2319','2324','2325','2326','2332')  [ RunTime:0.0166s ]
INFO: [ view_parse ] --START--
INFO: [ template_filter ] --START--
INFO: Run Behavior\ContentReplaceBehavior [ RunTime:0.000000s ]
INFO: [ template_filter ] --END-- [ RunTime:0.000000s ]
INFO: Run Behavior\ParseTemplateBehavior [ RunTime:0.000000s ]
INFO: [ view_parse ] --END-- [ RunTime:0.000000s ]
INFO: [ view_filter ] --START--
INFO: Run Behavior\WriteHtmlCacheBehavior [ RunTime:0.000000s ]
INFO: [ view_filter ] --END-- [ RunTime:0.000000s ]
INFO: [ app_end ] --START--
INFO: Run Behavior\ShowPageTraceBehavior [ RunTime:0.000000s ]
INFO: [ app_end ] --END-- [ RunTime:0.000000s ]

[ 2015-08-28T11:53:51+08:00 ] 127.0.0.1 /searchsys/Index/search/words/%E5%88%86%E4%BA%AB%E9%83%A8%E5%88%86%E4%BC%98%E6%83%A0/p/1.html
INFO: [ app_init ] --START--
INFO: Run Behavior\BuildLiteBehavior [ RunTime:0.000000s ]
INFO: [ app_init ] --END-- [ RunTime:0.000000s ]
INFO: [ app_begin ] --START--
INFO: Run Behavior\ReadHtmlCacheBehavior [ RunTime:0.000000s ]
INFO: [ app_begin ] --END-- [ RunTime:0.000000s ]
SQL: SHOW COLUMNS FROM `sc_system` [ RunTime:0.0156s ]
SQL: SELECT * FROM `sc_system` WHERE `type` = 'ÊêúÁ¥¢ËÆæÁΩÆ'  [ RunTime:0.0000s ]
NOTIC: [2] assert() [<a href='function.assert'>function.assert</a>]: Assertion failed D:\www\searchsys\ThinkPHP\Library\Org\Util\SphinxClient.class.php Á¨¨ 505 Ë°å.
NOTIC: [2] assert() [<a href='function.assert'>function.assert</a>]: Assertion failed D:\www\searchsys\ThinkPHP\Library\Org\Util\SphinxClient.class.php Á¨¨ 698 Ë°å.
SQL: SHOW COLUMNS FROM `sc_article` [ RunTime:0.0000s ]
SQL: SELECT * FROM `sc_article` WHERE `id` IN ('256','257','258','259','260','262','263','264','265','266','267','268','269','270','271')  [ RunTime:0.0156s ]
INFO: [ view_parse ] --START--
INFO: [ template_filter ] --START--
INFO: Run Behavior\ContentReplaceBehavior [ RunTime:0.000000s ]
INFO: [ template_filter ] --END-- [ RunTime:0.000000s ]
INFO: Run Behavior\ParseTemplateBehavior [ RunTime:0.000000s ]
INFO: [ view_parse ] --END-- [ RunTime:0.000000s ]
INFO: [ view_filter ] --START--
INFO: Run Behavior\WriteHtmlCacheBehavior [ RunTime:0.015601s ]
INFO: [ view_filter ] --END-- [ RunTime:0.015601s ]
INFO: [ app_end ] --START--
INFO: Run Behavior\ShowPageTraceBehavior [ RunTime:0.000000s ]
INFO: [ app_end ] --END-- [ RunTime:0.000000s ]

