[ 2015-09-09T17:53:01+08:00 ] 127.0.0.1 /searchsys/NewList/index/tid/1/pid/0/p/2.html
INFO: [ app_init ] --START--
INFO: Run Behavior\BuildLiteBehavior [ RunTime:0.000000s ]
INFO: [ app_init ] --END-- [ RunTime:0.001001s ]
INFO: [ app_begin ] --START--
INFO: Run Behavior\ReadHtmlCacheBehavior [ RunTime:0.001000s ]
INFO: [ app_begin ] --END-- [ RunTime:0.001000s ]
SQL: SHOW COLUMNS FROM `sc_terms` [ RunTime:0.0040s ]
SQL: SELECT `term_id`,`parent_id`,`name`,`linkurl`,`is_page` FROM `sc_terms` WHERE `view` = 1  [ RunTime:0.0010s ]
NOTIC: [8] Undefined variable: seo D:\www\searchsys\Application\Home\Controller\PublicController.class.php 第 120 行.
SQL: SELECT * FROM `sc_terms` ORDER BY sort ASC  [ RunTime:0.0010s ]
SQL: SELECT `is_page` FROM `sc_terms` WHERE `term_id` = 1 LIMIT 1   [ RunTime:0.0010s ]
SQL: SHOW COLUMNS FROM `sc_posts` [ RunTime:0.0040s ]
SQL: SELECT COUNT(*) AS tp_count FROM `sc_posts` WHERE `post_tid` IN ('2','3','4','5','6','7','1') AND `post_status` = 'publish' LIMIT 1   [ RunTime:0.0010s ]
SQL: SELECT posts.id AS id,posts.post_title AS post_title,posts.post_date AS post_date,posts.post_name AS post_name,posts.post_type AS post_type,posts.post_status AS post_status,posts.post_tid AS post_tid,posts.top AS top,terms.name AS name,terms.slug AS slug FROM sc_posts posts LEFT JOIN sc_terms terms ON posts.post_tid = terms.term_id WHERE posts.post_tid IN ('2','3','4','5','6','7','1') AND posts.post_status = 'publish' ORDER BY posts.top DESC,posts.post_date DESC LIMIT 8,8   [ RunTime:0.0010s ]
SQL: SELECT `is_page` FROM `sc_terms` WHERE `term_id` = '1' LIMIT 1   [ RunTime:0.0010s ]
NOTIC: [8] Undefined index: con_webdescription D:\www\searchsys\Application\Home\Controller\NewListController.class.php 第 87 行.
INFO: [ view_parse ] --START--
INFO: [ template_filter ] --START--
INFO: Run Behavior\ContentReplaceBehavior [ RunTime:0.000000s ]
INFO: [ template_filter ] --END-- [ RunTime:0.000000s ]
NOTIC: [8] Use of undefined constant term_id - assumed 'term_id' D:\www\searchsys\Application\Runtime\Cache\Home\44f71aa2c443ebb76f6c68116f4d63c3.php 第 37 行.
NOTIC: [8] Undefined variable: duli D:\www\searchsys\Application\Runtime\Cache\Home\44f71aa2c443ebb76f6c68116f4d63c3.php 第 43 行.
INFO: Run Behavior\ParseTemplateBehavior [ RunTime:0.040002s ]
INFO: [ view_parse ] --END-- [ RunTime:0.040002s ]
INFO: [ view_filter ] --START--
INFO: Run Behavior\WriteHtmlCacheBehavior [ RunTime:0.001000s ]
INFO: [ view_filter ] --END-- [ RunTime:0.001000s ]
INFO: [ app_end ] --START--
INFO: Run Behavior\ShowPageTraceBehavior [ RunTime:0.000000s ]
INFO: [ app_end ] --END-- [ RunTime:0.000000s ]

[ 2015-09-09T17:53:01+08:00 ] 127.0.0.1 /searchsys/NewList/index/tid/1/pid/0/p/favicon.ico
INFO: [ app_init ] --START--
INFO: Run Behavior\BuildLiteBehavior [ RunTime:0.000000s ]
INFO: [ app_init ] --END-- [ RunTime:0.001000s ]

[ 2015-09-09T17:53:04+08:00 ] 127.0.0.1 /searchsys/NewList/index/tid/1/pid/0/p/2.html
INFO: [ app_init ] --START--
INFO: Run Behavior\BuildLiteBehavior [ RunTime:0.000000s ]
INFO: [ app_init ] --END-- [ RunTime:0.001000s ]
INFO: [ app_begin ] --START--
INFO: Run Behavior\ReadHtmlCacheBehavior [ RunTime:0.000000s ]
INFO: [ app_begin ] --END-- [ RunTime:0.000000s ]
SQL: SHOW COLUMNS FROM `sc_terms` [ RunTime:0.0040s ]
SQL: SELECT `term_id`,`parent_id`,`name`,`linkurl`,`is_page` FROM `sc_terms` WHERE `view` = 1  [ RunTime:0.0010s ]
NOTIC: [8] Undefined variable: seo D:\www\searchsys\Application\Home\Controller\PublicController.class.php 第 120 行.
SQL: SELECT * FROM `sc_terms` ORDER BY sort ASC  [ RunTime:0.0010s ]
SQL: SELECT `is_page` FROM `sc_terms` WHERE `term_id` = 1 LIMIT 1   [ RunTime:0.0010s ]
SQL: SHOW COLUMNS FROM `sc_posts` [ RunTime:0.0050s ]
SQL: SELECT COUNT(*) AS tp_count FROM `sc_posts` WHERE `post_tid` IN ('2','3','4','5','6','7','1') AND `post_status` = 'publish' LIMIT 1   [ RunTime:0.0010s ]
SQL: SELECT posts.id AS id,posts.post_title AS post_title,posts.post_date AS post_date,posts.post_name AS post_name,posts.post_type AS post_type,posts.post_status AS post_status,posts.post_tid AS post_tid,posts.top AS top,terms.name AS name,terms.slug AS slug FROM sc_posts posts LEFT JOIN sc_terms terms ON posts.post_tid = terms.term_id WHERE posts.post_tid IN ('2','3','4','5','6','7','1') AND posts.post_status = 'publish' ORDER BY posts.top DESC,posts.post_date DESC LIMIT 8,8   [ RunTime:0.0020s ]
SQL: SELECT `is_page` FROM `sc_terms` WHERE `term_id` = '1' LIMIT 1   [ RunTime:0.0010s ]
NOTIC: [8] Undefined index: con_webdescription D:\www\searchsys\Application\Home\Controller\NewListController.class.php 第 87 行.
INFO: [ view_parse ] --START--
INFO: [ template_filter ] --START--
INFO: Run Behavior\ContentReplaceBehavior [ RunTime:0.000000s ]
INFO: [ template_filter ] --END-- [ RunTime:0.000000s ]
NOTIC: [8] Use of undefined constant term_id - assumed 'term_id' D:\www\searchsys\Application\Runtime\Cache\Home\44f71aa2c443ebb76f6c68116f4d63c3.php 第 37 行.
NOTIC: [8] Undefined variable: duli D:\www\searchsys\Application\Runtime\Cache\Home\44f71aa2c443ebb76f6c68116f4d63c3.php 第 43 行.
INFO: Run Behavior\ParseTemplateBehavior [ RunTime:0.013001s ]
INFO: [ view_parse ] --END-- [ RunTime:0.013001s ]
INFO: [ view_filter ] --START--
INFO: Run Behavior\WriteHtmlCacheBehavior [ RunTime:0.000000s ]
INFO: [ view_filter ] --END-- [ RunTime:0.000000s ]
INFO: [ app_end ] --START--
INFO: Run Behavior\ShowPageTraceBehavior [ RunTime:0.001000s ]
INFO: [ app_end ] --END-- [ RunTime:0.001000s ]

[ 2015-09-09T17:53:04+08:00 ] 127.0.0.1 /searchsys/NewList/index/tid/1/pid/0/p/favicon.ico
INFO: [ app_init ] --START--
INFO: Run Behavior\BuildLiteBehavior [ RunTime:0.000000s ]
INFO: [ app_init ] --END-- [ RunTime:0.000000s ]

