[ 2015-09-02T09:43:11+08:00 ] 127.0.0.1 /searchsys/Home/NewList/index.html
INFO: [ app_init ] --START--
INFO: Run Behavior\BuildLiteBehavior [ RunTime:0.000000s ]
INFO: [ app_init ] --END-- [ RunTime:0.000000s ]
INFO: [ app_begin ] --START--
INFO: Run Behavior\ReadHtmlCacheBehavior [ RunTime:0.000000s ]
INFO: [ app_begin ] --END-- [ RunTime:0.000000s ]
SQL: SHOW COLUMNS FROM `sc_terms` [ RunTime:0.0000s ]
SQL: SELECT `term_id`,`parent_id`,`name`,`linkurl`,`is_page` FROM `sc_terms` WHERE `view` = 1  [ RunTime:0.0000s ]
NOTIC: [8] Undefined variable: seo D:\www\searchsys\Application\Home\Controller\PublicController.class.php 第 120 行.
NOTIC: [8] Undefined index: tid D:\www\searchsys\Application\Home\Controller\NewListController.class.php 第 12 行.
NOTIC: [8] Undefined index: pid D:\www\searchsys\Application\Home\Controller\NewListController.class.php 第 13 行.
NOTIC: [8] Undefined index: p D:\www\searchsys\Application\Home\Controller\NewListController.class.php 第 14 行.
SQL: SELECT * FROM `sc_terms` ORDER BY sort ASC  [ RunTime:0.0000s ]
SQL: SELECT `is_page` FROM `sc_terms` WHERE `term_id` = 0 LIMIT 1   [ RunTime:0.0000s ]
SQL: SHOW COLUMNS FROM `sc_posts` [ RunTime:0.0874s ]
SQL: SELECT COUNT(*) AS tp_count FROM `sc_posts` WHERE `post_tid` IN ('1','0') AND `post_status` = 'publish' LIMIT 1   [ RunTime:0.0156s ]
SQL: SELECT posts.id AS id,posts.post_title AS post_title,posts.post_date AS post_date,posts.post_name AS post_name,posts.post_type AS post_type,posts.post_status AS post_status,posts.post_tid AS post_tid,posts.top AS top,terms.name AS name,terms.slug AS slug FROM sc_posts posts LEFT JOIN sc_terms terms ON posts.post_tid = terms.term_id WHERE posts.post_tid IN ('1','0') AND posts.post_status = 'publish' ORDER BY posts.top DESC,posts.post_date DESC LIMIT 0,8   [ RunTime:0.0000s ]
SQL: SELECT `is_page` FROM `sc_terms` WHERE `term_id` = '1' LIMIT 1   [ RunTime:0.0000s ]
NOTIC: [8] Undefined index: con_webdescription D:\www\searchsys\Application\Home\Controller\NewListController.class.php 第 87 行.
INFO: [ view_parse ] --START--
INFO: [ template_filter ] --START--
INFO: Run Behavior\ContentReplaceBehavior [ RunTime:0.000000s ]
INFO: [ template_filter ] --END-- [ RunTime:0.000000s ]
NOTIC: [8] Use of undefined constant term_id - assumed 'term_id' D:\www\searchsys\Application\Runtime\Cache\Home\44f71aa2c443ebb76f6c68116f4d63c3.php 第 37 行.
NOTIC: [8] Undefined variable: duli D:\www\searchsys\Application\Runtime\Cache\Home\44f71aa2c443ebb76f6c68116f4d63c3.php 第 43 行.
INFO: Run Behavior\ParseTemplateBehavior [ RunTime:0.062400s ]
INFO: [ view_parse ] --END-- [ RunTime:0.062400s ]
INFO: [ view_filter ] --START--
INFO: Run Behavior\WriteHtmlCacheBehavior [ RunTime:0.000000s ]
INFO: [ view_filter ] --END-- [ RunTime:0.000000s ]
INFO: [ app_end ] --START--
INFO: Run Behavior\ShowPageTraceBehavior [ RunTime:0.000000s ]
INFO: [ app_end ] --END-- [ RunTime:0.000000s ]

[ 2015-09-02T09:43:11+08:00 ] 127.0.0.1 /searchsys/Home/NewList/favicon.ico
INFO: [ app_init ] --START--
INFO: Run Behavior\BuildLiteBehavior [ RunTime:0.000000s ]
INFO: [ app_init ] --END-- [ RunTime:0.000000s ]

[ 2015-09-02T09:43:13+08:00 ] 127.0.0.1 /searchsys/NewList/index/tid/1/pid/0.html
INFO: [ app_init ] --START--
INFO: Run Behavior\BuildLiteBehavior [ RunTime:0.000000s ]
INFO: [ app_init ] --END-- [ RunTime:0.000000s ]
INFO: [ app_begin ] --START--
INFO: Run Behavior\ReadHtmlCacheBehavior [ RunTime:0.001000s ]
INFO: [ app_begin ] --END-- [ RunTime:0.001000s ]
SQL: SHOW COLUMNS FROM `sc_terms` [ RunTime:0.0156s ]
SQL: SELECT `term_id`,`parent_id`,`name`,`linkurl`,`is_page` FROM `sc_terms` WHERE `view` = 1  [ RunTime:0.0000s ]
NOTIC: [8] Undefined variable: seo D:\www\searchsys\Application\Home\Controller\PublicController.class.php 第 120 行.
NOTIC: [8] Undefined index: p D:\www\searchsys\Application\Home\Controller\NewListController.class.php 第 14 行.
SQL: SELECT * FROM `sc_terms` ORDER BY sort ASC  [ RunTime:0.0000s ]
SQL: SELECT `is_page` FROM `sc_terms` WHERE `term_id` = 1 LIMIT 1   [ RunTime:0.0000s ]
SQL: SHOW COLUMNS FROM `sc_posts` [ RunTime:0.0000s ]
SQL: SELECT COUNT(*) AS tp_count FROM `sc_posts` WHERE `post_tid` IN ('1') AND `post_status` = 'publish' LIMIT 1   [ RunTime:0.0000s ]
SQL: SELECT posts.id AS id,posts.post_title AS post_title,posts.post_date AS post_date,posts.post_name AS post_name,posts.post_type AS post_type,posts.post_status AS post_status,posts.post_tid AS post_tid,posts.top AS top,terms.name AS name,terms.slug AS slug FROM sc_posts posts LEFT JOIN sc_terms terms ON posts.post_tid = terms.term_id WHERE posts.post_tid IN ('1') AND posts.post_status = 'publish' ORDER BY posts.top DESC,posts.post_date DESC LIMIT 0,8   [ RunTime:0.0000s ]
SQL: SELECT `is_page` FROM `sc_terms` WHERE `term_id` = '1' LIMIT 1   [ RunTime:0.0000s ]
NOTIC: [8] Undefined index: con_webdescription D:\www\searchsys\Application\Home\Controller\NewListController.class.php 第 87 行.
INFO: [ view_parse ] --START--
INFO: [ template_filter ] --START--
INFO: Run Behavior\ContentReplaceBehavior [ RunTime:0.000000s ]
INFO: [ template_filter ] --END-- [ RunTime:0.000000s ]
NOTIC: [8] Use of undefined constant term_id - assumed 'term_id' D:\www\searchsys\Application\Runtime\Cache\Home\44f71aa2c443ebb76f6c68116f4d63c3.php 第 37 行.
NOTIC: [8] Undefined variable: duli D:\www\searchsys\Application\Runtime\Cache\Home\44f71aa2c443ebb76f6c68116f4d63c3.php 第 43 行.
INFO: Run Behavior\ParseTemplateBehavior [ RunTime:0.015600s ]
INFO: [ view_parse ] --END-- [ RunTime:0.015600s ]
INFO: [ view_filter ] --START--
INFO: Run Behavior\WriteHtmlCacheBehavior [ RunTime:0.000000s ]
INFO: [ view_filter ] --END-- [ RunTime:0.000000s ]
INFO: [ app_end ] --START--
INFO: Run Behavior\ShowPageTraceBehavior [ RunTime:0.000000s ]
INFO: [ app_end ] --END-- [ RunTime:0.000000s ]

[ 2015-09-02T09:43:14+08:00 ] 127.0.0.1 /searchsys/NewList/index/tid/1/pid/favicon.ico
INFO: [ app_init ] --START--
INFO: Run Behavior\BuildLiteBehavior [ RunTime:0.000000s ]
INFO: [ app_init ] --END-- [ RunTime:0.001000s ]

[ 2015-09-02T09:43:22+08:00 ] 127.0.0.1 /searchsys/NewList/index/tid/1/pid/0.html
INFO: [ app_init ] --START--
INFO: Run Behavior\BuildLiteBehavior [ RunTime:0.000000s ]
INFO: [ app_init ] --END-- [ RunTime:0.000000s ]
INFO: [ app_begin ] --START--
INFO: Run Behavior\ReadHtmlCacheBehavior [ RunTime:0.000000s ]
INFO: [ app_begin ] --END-- [ RunTime:0.000000s ]
SQL: SHOW COLUMNS FROM `sc_terms` [ RunTime:0.0000s ]
SQL: SELECT `term_id`,`parent_id`,`name`,`linkurl`,`is_page` FROM `sc_terms` WHERE `view` = 1  [ RunTime:0.0000s ]
NOTIC: [8] Undefined variable: seo D:\www\searchsys\Application\Home\Controller\PublicController.class.php 第 120 行.
NOTIC: [8] Undefined index: p D:\www\searchsys\Application\Home\Controller\NewListController.class.php 第 14 行.
SQL: SELECT * FROM `sc_terms` ORDER BY sort ASC  [ RunTime:0.0000s ]
SQL: SELECT `is_page` FROM `sc_terms` WHERE `term_id` = 1 LIMIT 1   [ RunTime:0.0000s ]
SQL: SHOW COLUMNS FROM `sc_posts` [ RunTime:0.0000s ]
SQL: SELECT COUNT(*) AS tp_count FROM `sc_posts` WHERE `post_tid` IN ('1') AND `post_status` = 'publish' LIMIT 1   [ RunTime:0.0000s ]
SQL: SELECT posts.id AS id,posts.post_title AS post_title,posts.post_date AS post_date,posts.post_name AS post_name,posts.post_type AS post_type,posts.post_status AS post_status,posts.post_tid AS post_tid,posts.top AS top,terms.name AS name,terms.slug AS slug FROM sc_posts posts LEFT JOIN sc_terms terms ON posts.post_tid = terms.term_id WHERE posts.post_tid IN ('1') AND posts.post_status = 'publish' ORDER BY posts.top DESC,posts.post_date DESC LIMIT 0,8   [ RunTime:0.0000s ]
SQL: SELECT `is_page` FROM `sc_terms` WHERE `term_id` = '1' LIMIT 1   [ RunTime:0.0000s ]
NOTIC: [8] Undefined index: con_webdescription D:\www\searchsys\Application\Home\Controller\NewListController.class.php 第 87 行.
INFO: [ view_parse ] --START--
INFO: [ template_filter ] --START--
INFO: Run Behavior\ContentReplaceBehavior [ RunTime:0.000000s ]
INFO: [ template_filter ] --END-- [ RunTime:0.000000s ]
NOTIC: [8] Use of undefined constant term_id - assumed 'term_id' D:\www\searchsys\Application\Runtime\Cache\Home\44f71aa2c443ebb76f6c68116f4d63c3.php 第 37 行.
NOTIC: [8] Undefined variable: duli D:\www\searchsys\Application\Runtime\Cache\Home\44f71aa2c443ebb76f6c68116f4d63c3.php 第 43 行.
INFO: Run Behavior\ParseTemplateBehavior [ RunTime:0.000000s ]
INFO: [ view_parse ] --END-- [ RunTime:0.000000s ]
INFO: [ view_filter ] --START--
INFO: Run Behavior\WriteHtmlCacheBehavior [ RunTime:0.000000s ]
INFO: [ view_filter ] --END-- [ RunTime:0.000000s ]
INFO: [ app_end ] --START--
INFO: Run Behavior\ShowPageTraceBehavior [ RunTime:0.000000s ]
INFO: [ app_end ] --END-- [ RunTime:0.000000s ]

[ 2015-09-02T09:43:22+08:00 ] 127.0.0.1 /searchsys/NewList/index/tid/1/pid/favicon.ico
INFO: [ app_init ] --START--
INFO: Run Behavior\BuildLiteBehavior [ RunTime:0.000000s ]
INFO: [ app_init ] --END-- [ RunTime:0.000000s ]

[ 2015-09-02T09:44:04+08:00 ] 127.0.0.1 /searchsys/NewList/index/tid/1/pid/0/p/2.html
INFO: [ app_init ] --START--
INFO: Run Behavior\BuildLiteBehavior [ RunTime:0.000000s ]
INFO: [ app_init ] --END-- [ RunTime:0.000000s ]
INFO: [ app_begin ] --START--
INFO: Run Behavior\ReadHtmlCacheBehavior [ RunTime:0.000000s ]
INFO: [ app_begin ] --END-- [ RunTime:0.000000s ]
SQL: SHOW COLUMNS FROM `sc_terms` [ RunTime:0.0000s ]
SQL: SELECT `term_id`,`parent_id`,`name`,`linkurl`,`is_page` FROM `sc_terms` WHERE `view` = 1  [ RunTime:0.0000s ]
NOTIC: [8] Undefined variable: seo D:\www\searchsys\Application\Home\Controller\PublicController.class.php 第 120 行.
SQL: SELECT * FROM `sc_terms` ORDER BY sort ASC  [ RunTime:0.0000s ]
SQL: SELECT `is_page` FROM `sc_terms` WHERE `term_id` = 1 LIMIT 1   [ RunTime:0.0000s ]
SQL: SHOW COLUMNS FROM `sc_posts` [ RunTime:0.0000s ]
SQL: SELECT COUNT(*) AS tp_count FROM `sc_posts` WHERE `post_tid` IN ('1') AND `post_status` = 'publish' LIMIT 1   [ RunTime:0.0000s ]
SQL: SELECT posts.id AS id,posts.post_title AS post_title,posts.post_date AS post_date,posts.post_name AS post_name,posts.post_type AS post_type,posts.post_status AS post_status,posts.post_tid AS post_tid,posts.top AS top,terms.name AS name,terms.slug AS slug FROM sc_posts posts LEFT JOIN sc_terms terms ON posts.post_tid = terms.term_id WHERE posts.post_tid IN ('1') AND posts.post_status = 'publish' ORDER BY posts.top DESC,posts.post_date DESC LIMIT 8,8   [ RunTime:0.0000s ]
SQL: SELECT `is_page` FROM `sc_terms` WHERE `term_id` = '1' LIMIT 1   [ RunTime:0.0000s ]
NOTIC: [8] Undefined index: con_webdescription D:\www\searchsys\Application\Home\Controller\NewListController.class.php 第 87 行.
INFO: [ view_parse ] --START--
INFO: [ template_filter ] --START--
INFO: Run Behavior\ContentReplaceBehavior [ RunTime:0.000000s ]
INFO: [ template_filter ] --END-- [ RunTime:0.000000s ]
NOTIC: [8] Use of undefined constant term_id - assumed 'term_id' D:\www\searchsys\Application\Runtime\Cache\Home\44f71aa2c443ebb76f6c68116f4d63c3.php 第 37 行.
NOTIC: [8] Undefined variable: duli D:\www\searchsys\Application\Runtime\Cache\Home\44f71aa2c443ebb76f6c68116f4d63c3.php 第 43 行.
INFO: Run Behavior\ParseTemplateBehavior [ RunTime:0.000000s ]
INFO: [ view_parse ] --END-- [ RunTime:0.000000s ]
INFO: [ view_filter ] --START--
INFO: Run Behavior\WriteHtmlCacheBehavior [ RunTime:0.000000s ]
INFO: [ view_filter ] --END-- [ RunTime:0.000000s ]
INFO: [ app_end ] --START--
INFO: Run Behavior\ShowPageTraceBehavior [ RunTime:0.000000s ]
INFO: [ app_end ] --END-- [ RunTime:0.000000s ]

[ 2015-09-02T09:44:04+08:00 ] 127.0.0.1 /searchsys/NewList/index/tid/1/pid/0/p/favicon.ico
INFO: [ app_init ] --START--
INFO: Run Behavior\BuildLiteBehavior [ RunTime:0.000000s ]
INFO: [ app_init ] --END-- [ RunTime:0.000000s ]

[ 2015-09-02T09:44:05+08:00 ] 127.0.0.1 /searchsys/NewList/index/tid/1/pid/0/p/4.html
INFO: [ app_init ] --START--
INFO: Run Behavior\BuildLiteBehavior [ RunTime:0.000000s ]
INFO: [ app_init ] --END-- [ RunTime:0.000000s ]
INFO: [ app_begin ] --START--
INFO: Run Behavior\ReadHtmlCacheBehavior [ RunTime:0.000000s ]
INFO: [ app_begin ] --END-- [ RunTime:0.000000s ]
SQL: SHOW COLUMNS FROM `sc_terms` [ RunTime:0.0000s ]
SQL: SELECT `term_id`,`parent_id`,`name`,`linkurl`,`is_page` FROM `sc_terms` WHERE `view` = 1  [ RunTime:0.0000s ]
NOTIC: [8] Undefined variable: seo D:\www\searchsys\Application\Home\Controller\PublicController.class.php 第 120 行.
SQL: SELECT * FROM `sc_terms` ORDER BY sort ASC  [ RunTime:0.0000s ]
SQL: SELECT `is_page` FROM `sc_terms` WHERE `term_id` = 1 LIMIT 1   [ RunTime:0.0000s ]
SQL: SHOW COLUMNS FROM `sc_posts` [ RunTime:0.0000s ]
SQL: SELECT COUNT(*) AS tp_count FROM `sc_posts` WHERE `post_tid` IN ('1') AND `post_status` = 'publish' LIMIT 1   [ RunTime:0.0000s ]
SQL: SELECT posts.id AS id,posts.post_title AS post_title,posts.post_date AS post_date,posts.post_name AS post_name,posts.post_type AS post_type,posts.post_status AS post_status,posts.post_tid AS post_tid,posts.top AS top,terms.name AS name,terms.slug AS slug FROM sc_posts posts LEFT JOIN sc_terms terms ON posts.post_tid = terms.term_id WHERE posts.post_tid IN ('1') AND posts.post_status = 'publish' ORDER BY posts.top DESC,posts.post_date DESC LIMIT 24,8   [ RunTime:0.0156s ]
SQL: SELECT `is_page` FROM `sc_terms` WHERE `term_id` = '1' LIMIT 1   [ RunTime:0.0000s ]
NOTIC: [8] Undefined index: con_webdescription D:\www\searchsys\Application\Home\Controller\NewListController.class.php 第 87 行.
INFO: [ view_parse ] --START--
INFO: [ template_filter ] --START--
INFO: Run Behavior\ContentReplaceBehavior [ RunTime:0.000000s ]
INFO: [ template_filter ] --END-- [ RunTime:0.000000s ]
NOTIC: [8] Use of undefined constant term_id - assumed 'term_id' D:\www\searchsys\Application\Runtime\Cache\Home\44f71aa2c443ebb76f6c68116f4d63c3.php 第 37 行.
NOTIC: [8] Undefined variable: duli D:\www\searchsys\Application\Runtime\Cache\Home\44f71aa2c443ebb76f6c68116f4d63c3.php 第 43 行.
INFO: Run Behavior\ParseTemplateBehavior [ RunTime:0.000000s ]
INFO: [ view_parse ] --END-- [ RunTime:0.000000s ]
INFO: [ view_filter ] --START--
INFO: Run Behavior\WriteHtmlCacheBehavior [ RunTime:0.000000s ]
INFO: [ view_filter ] --END-- [ RunTime:0.000000s ]
INFO: [ app_end ] --START--
INFO: Run Behavior\ShowPageTraceBehavior [ RunTime:0.000000s ]
INFO: [ app_end ] --END-- [ RunTime:0.000000s ]

[ 2015-09-02T09:44:05+08:00 ] 127.0.0.1 /searchsys/NewList/index/tid/1/pid/0/p/favicon.ico
INFO: [ app_init ] --START--
INFO: Run Behavior\BuildLiteBehavior [ RunTime:0.000000s ]
INFO: [ app_init ] --END-- [ RunTime:0.001000s ]

[ 2015-09-02T09:44:07+08:00 ] 127.0.0.1 /searchsys/NewList/index/tid/1/pid/0/p/3.html
INFO: [ app_init ] --START--
INFO: Run Behavior\BuildLiteBehavior [ RunTime:0.000000s ]
INFO: [ app_init ] --END-- [ RunTime:0.000000s ]
INFO: [ app_begin ] --START--
INFO: Run Behavior\ReadHtmlCacheBehavior [ RunTime:0.001000s ]
INFO: [ app_begin ] --END-- [ RunTime:0.001000s ]
SQL: SHOW COLUMNS FROM `sc_terms` [ RunTime:0.0030s ]
SQL: SELECT `term_id`,`parent_id`,`name`,`linkurl`,`is_page` FROM `sc_terms` WHERE `view` = 1  [ RunTime:0.0010s ]
NOTIC: [8] Undefined variable: seo D:\www\searchsys\Application\Home\Controller\PublicController.class.php 第 120 行.
SQL: SELECT * FROM `sc_terms` ORDER BY sort ASC  [ RunTime:0.0010s ]
SQL: SELECT `is_page` FROM `sc_terms` WHERE `term_id` = 1 LIMIT 1   [ RunTime:0.0010s ]
SQL: SHOW COLUMNS FROM `sc_posts` [ RunTime:0.0000s ]
SQL: SELECT COUNT(*) AS tp_count FROM `sc_posts` WHERE `post_tid` IN ('1') AND `post_status` = 'publish' LIMIT 1   [ RunTime:0.0000s ]
SQL: SELECT posts.id AS id,posts.post_title AS post_title,posts.post_date AS post_date,posts.post_name AS post_name,posts.post_type AS post_type,posts.post_status AS post_status,posts.post_tid AS post_tid,posts.top AS top,terms.name AS name,terms.slug AS slug FROM sc_posts posts LEFT JOIN sc_terms terms ON posts.post_tid = terms.term_id WHERE posts.post_tid IN ('1') AND posts.post_status = 'publish' ORDER BY posts.top DESC,posts.post_date DESC LIMIT 16,8   [ RunTime:0.0000s ]
SQL: SELECT `is_page` FROM `sc_terms` WHERE `term_id` = '1' LIMIT 1   [ RunTime:0.0000s ]
NOTIC: [8] Undefined index: con_webdescription D:\www\searchsys\Application\Home\Controller\NewListController.class.php 第 87 行.
INFO: [ view_parse ] --START--
INFO: [ template_filter ] --START--
INFO: Run Behavior\ContentReplaceBehavior [ RunTime:0.000000s ]
INFO: [ template_filter ] --END-- [ RunTime:0.000000s ]
NOTIC: [8] Use of undefined constant term_id - assumed 'term_id' D:\www\searchsys\Application\Runtime\Cache\Home\44f71aa2c443ebb76f6c68116f4d63c3.php 第 37 行.
NOTIC: [8] Undefined variable: duli D:\www\searchsys\Application\Runtime\Cache\Home\44f71aa2c443ebb76f6c68116f4d63c3.php 第 43 行.
INFO: Run Behavior\ParseTemplateBehavior [ RunTime:0.015600s ]
INFO: [ view_parse ] --END-- [ RunTime:0.015600s ]
INFO: [ view_filter ] --START--
INFO: Run Behavior\WriteHtmlCacheBehavior [ RunTime:0.000000s ]
INFO: [ view_filter ] --END-- [ RunTime:0.000000s ]
INFO: [ app_end ] --START--
INFO: Run Behavior\ShowPageTraceBehavior [ RunTime:0.000000s ]
INFO: [ app_end ] --END-- [ RunTime:0.000000s ]

[ 2015-09-02T09:44:07+08:00 ] 127.0.0.1 /searchsys/NewList/index/tid/1/pid/0/p/favicon.ico
INFO: [ app_init ] --START--
INFO: Run Behavior\BuildLiteBehavior [ RunTime:0.000000s ]
INFO: [ app_init ] --END-- [ RunTime:0.000000s ]

[ 2015-09-02T09:44:09+08:00 ] 127.0.0.1 /searchsys/NewList/index/tid/1/pid/0/p/2.html
INFO: [ app_init ] --START--
INFO: Run Behavior\BuildLiteBehavior [ RunTime:0.000000s ]
INFO: [ app_init ] --END-- [ RunTime:0.000000s ]
INFO: [ app_begin ] --START--
INFO: Run Behavior\ReadHtmlCacheBehavior [ RunTime:0.001000s ]
INFO: [ app_begin ] --END-- [ RunTime:0.001000s ]
SQL: SHOW COLUMNS FROM `sc_terms` [ RunTime:0.0000s ]
SQL: SELECT `term_id`,`parent_id`,`name`,`linkurl`,`is_page` FROM `sc_terms` WHERE `view` = 1  [ RunTime:0.0000s ]
NOTIC: [8] Undefined variable: seo D:\www\searchsys\Application\Home\Controller\PublicController.class.php 第 120 行.
SQL: SELECT * FROM `sc_terms` ORDER BY sort ASC  [ RunTime:0.0000s ]
SQL: SELECT `is_page` FROM `sc_terms` WHERE `term_id` = 1 LIMIT 1   [ RunTime:0.0000s ]
SQL: SHOW COLUMNS FROM `sc_posts` [ RunTime:0.0000s ]
SQL: SELECT COUNT(*) AS tp_count FROM `sc_posts` WHERE `post_tid` IN ('1') AND `post_status` = 'publish' LIMIT 1   [ RunTime:0.0000s ]
SQL: SELECT posts.id AS id,posts.post_title AS post_title,posts.post_date AS post_date,posts.post_name AS post_name,posts.post_type AS post_type,posts.post_status AS post_status,posts.post_tid AS post_tid,posts.top AS top,terms.name AS name,terms.slug AS slug FROM sc_posts posts LEFT JOIN sc_terms terms ON posts.post_tid = terms.term_id WHERE posts.post_tid IN ('1') AND posts.post_status = 'publish' ORDER BY posts.top DESC,posts.post_date DESC LIMIT 8,8   [ RunTime:0.0000s ]
SQL: SELECT `is_page` FROM `sc_terms` WHERE `term_id` = '1' LIMIT 1   [ RunTime:0.0000s ]
NOTIC: [8] Undefined index: con_webdescription D:\www\searchsys\Application\Home\Controller\NewListController.class.php 第 87 行.
INFO: [ view_parse ] --START--
INFO: [ template_filter ] --START--
INFO: Run Behavior\ContentReplaceBehavior [ RunTime:0.000000s ]
INFO: [ template_filter ] --END-- [ RunTime:0.000000s ]
NOTIC: [8] Use of undefined constant term_id - assumed 'term_id' D:\www\searchsys\Application\Runtime\Cache\Home\44f71aa2c443ebb76f6c68116f4d63c3.php 第 37 行.
NOTIC: [8] Undefined variable: duli D:\www\searchsys\Application\Runtime\Cache\Home\44f71aa2c443ebb76f6c68116f4d63c3.php 第 43 行.
INFO: Run Behavior\ParseTemplateBehavior [ RunTime:0.000000s ]
INFO: [ view_parse ] --END-- [ RunTime:0.000000s ]
INFO: [ view_filter ] --START--
INFO: Run Behavior\WriteHtmlCacheBehavior [ RunTime:0.000000s ]
INFO: [ view_filter ] --END-- [ RunTime:0.000000s ]
INFO: [ app_end ] --START--
INFO: Run Behavior\ShowPageTraceBehavior [ RunTime:0.000000s ]
INFO: [ app_end ] --END-- [ RunTime:0.000000s ]

[ 2015-09-02T09:44:09+08:00 ] 127.0.0.1 /searchsys/NewList/index/tid/1/pid/0/p/favicon.ico
INFO: [ app_init ] --START--
INFO: Run Behavior\BuildLiteBehavior [ RunTime:0.000000s ]
INFO: [ app_init ] --END-- [ RunTime:0.000000s ]

[ 2015-09-02T09:44:13+08:00 ] 127.0.0.1 /searchsys/NewList/index/tid/1/pid/0/p/3.html
INFO: [ app_init ] --START--
INFO: Run Behavior\BuildLiteBehavior [ RunTime:0.000000s ]
INFO: [ app_init ] --END-- [ RunTime:0.000000s ]
INFO: [ app_begin ] --START--
INFO: Run Behavior\ReadHtmlCacheBehavior [ RunTime:0.000000s ]
INFO: [ app_begin ] --END-- [ RunTime:0.000000s ]
SQL: SHOW COLUMNS FROM `sc_terms` [ RunTime:0.0000s ]
SQL: SELECT `term_id`,`parent_id`,`name`,`linkurl`,`is_page` FROM `sc_terms` WHERE `view` = 1  [ RunTime:0.0000s ]
NOTIC: [8] Undefined variable: seo D:\www\searchsys\Application\Home\Controller\PublicController.class.php 第 120 行.
SQL: SELECT * FROM `sc_terms` ORDER BY sort ASC  [ RunTime:0.0000s ]
SQL: SELECT `is_page` FROM `sc_terms` WHERE `term_id` = 1 LIMIT 1   [ RunTime:0.0000s ]
SQL: SHOW COLUMNS FROM `sc_posts` [ RunTime:0.0156s ]
SQL: SELECT COUNT(*) AS tp_count FROM `sc_posts` WHERE `post_tid` IN ('1') AND `post_status` = 'publish' LIMIT 1   [ RunTime:0.0000s ]
SQL: SELECT posts.id AS id,posts.post_title AS post_title,posts.post_date AS post_date,posts.post_name AS post_name,posts.post_type AS post_type,posts.post_status AS post_status,posts.post_tid AS post_tid,posts.top AS top,terms.name AS name,terms.slug AS slug FROM sc_posts posts LEFT JOIN sc_terms terms ON posts.post_tid = terms.term_id WHERE posts.post_tid IN ('1') AND posts.post_status = 'publish' ORDER BY posts.top DESC,posts.post_date DESC LIMIT 16,8   [ RunTime:0.0000s ]
SQL: SELECT `is_page` FROM `sc_terms` WHERE `term_id` = '1' LIMIT 1   [ RunTime:0.0000s ]
NOTIC: [8] Undefined index: con_webdescription D:\www\searchsys\Application\Home\Controller\NewListController.class.php 第 87 行.
INFO: [ view_parse ] --START--
INFO: [ template_filter ] --START--
INFO: Run Behavior\ContentReplaceBehavior [ RunTime:0.000000s ]
INFO: [ template_filter ] --END-- [ RunTime:0.000000s ]
NOTIC: [8] Use of undefined constant term_id - assumed 'term_id' D:\www\searchsys\Application\Runtime\Cache\Home\44f71aa2c443ebb76f6c68116f4d63c3.php 第 37 行.
NOTIC: [8] Undefined variable: duli D:\www\searchsys\Application\Runtime\Cache\Home\44f71aa2c443ebb76f6c68116f4d63c3.php 第 43 行.
INFO: Run Behavior\ParseTemplateBehavior [ RunTime:0.015600s ]
INFO: [ view_parse ] --END-- [ RunTime:0.015600s ]
INFO: [ view_filter ] --START--
INFO: Run Behavior\WriteHtmlCacheBehavior [ RunTime:0.000000s ]
INFO: [ view_filter ] --END-- [ RunTime:0.000000s ]
INFO: [ app_end ] --START--
INFO: Run Behavior\ShowPageTraceBehavior [ RunTime:0.000000s ]
INFO: [ app_end ] --END-- [ RunTime:0.000000s ]

[ 2015-09-02T09:44:13+08:00 ] 127.0.0.1 /searchsys/NewList/index/tid/1/pid/0/p/favicon.ico
INFO: [ app_init ] --START--
INFO: Run Behavior\BuildLiteBehavior [ RunTime:0.000000s ]
INFO: [ app_init ] --END-- [ RunTime:0.001000s ]

[ 2015-09-02T09:44:14+08:00 ] 127.0.0.1 /searchsys/NewList/index/tid/1/pid/0/p/4.html
INFO: [ app_init ] --START--
INFO: Run Behavior\BuildLiteBehavior [ RunTime:0.000000s ]
INFO: [ app_init ] --END-- [ RunTime:0.001000s ]
INFO: [ app_begin ] --START--
INFO: Run Behavior\ReadHtmlCacheBehavior [ RunTime:0.000000s ]
INFO: [ app_begin ] --END-- [ RunTime:0.000000s ]
SQL: SHOW COLUMNS FROM `sc_terms` [ RunTime:0.0156s ]
SQL: SELECT `term_id`,`parent_id`,`name`,`linkurl`,`is_page` FROM `sc_terms` WHERE `view` = 1  [ RunTime:0.0000s ]
NOTIC: [8] Undefined variable: seo D:\www\searchsys\Application\Home\Controller\PublicController.class.php 第 120 行.
SQL: SELECT * FROM `sc_terms` ORDER BY sort ASC  [ RunTime:0.0000s ]
SQL: SELECT `is_page` FROM `sc_terms` WHERE `term_id` = 1 LIMIT 1   [ RunTime:0.0000s ]
SQL: SHOW COLUMNS FROM `sc_posts` [ RunTime:0.0000s ]
SQL: SELECT COUNT(*) AS tp_count FROM `sc_posts` WHERE `post_tid` IN ('1') AND `post_status` = 'publish' LIMIT 1   [ RunTime:0.0000s ]
SQL: SELECT posts.id AS id,posts.post_title AS post_title,posts.post_date AS post_date,posts.post_name AS post_name,posts.post_type AS post_type,posts.post_status AS post_status,posts.post_tid AS post_tid,posts.top AS top,terms.name AS name,terms.slug AS slug FROM sc_posts posts LEFT JOIN sc_terms terms ON posts.post_tid = terms.term_id WHERE posts.post_tid IN ('1') AND posts.post_status = 'publish' ORDER BY posts.top DESC,posts.post_date DESC LIMIT 24,8   [ RunTime:0.0000s ]
SQL: SELECT `is_page` FROM `sc_terms` WHERE `term_id` = '1' LIMIT 1   [ RunTime:0.0000s ]
NOTIC: [8] Undefined index: con_webdescription D:\www\searchsys\Application\Home\Controller\NewListController.class.php 第 87 行.
INFO: [ view_parse ] --START--
INFO: [ template_filter ] --START--
INFO: Run Behavior\ContentReplaceBehavior [ RunTime:0.000000s ]
INFO: [ template_filter ] --END-- [ RunTime:0.000000s ]
NOTIC: [8] Use of undefined constant term_id - assumed 'term_id' D:\www\searchsys\Application\Runtime\Cache\Home\44f71aa2c443ebb76f6c68116f4d63c3.php 第 37 行.
NOTIC: [8] Undefined variable: duli D:\www\searchsys\Application\Runtime\Cache\Home\44f71aa2c443ebb76f6c68116f4d63c3.php 第 43 行.
INFO: Run Behavior\ParseTemplateBehavior [ RunTime:0.015600s ]
INFO: [ view_parse ] --END-- [ RunTime:0.015600s ]
INFO: [ view_filter ] --START--
INFO: Run Behavior\WriteHtmlCacheBehavior [ RunTime:0.000000s ]
INFO: [ view_filter ] --END-- [ RunTime:0.000000s ]
INFO: [ app_end ] --START--
INFO: Run Behavior\ShowPageTraceBehavior [ RunTime:0.000000s ]
INFO: [ app_end ] --END-- [ RunTime:0.000000s ]

[ 2015-09-02T09:44:14+08:00 ] 127.0.0.1 /searchsys/NewList/index/tid/1/pid/0/p/favicon.ico
INFO: [ app_init ] --START--
INFO: Run Behavior\BuildLiteBehavior [ RunTime:0.000000s ]
INFO: [ app_init ] --END-- [ RunTime:0.001000s ]

[ 2015-09-02T09:44:16+08:00 ] 127.0.0.1 /searchsys/NewList/index/tid/1/pid/0/p/5.html
INFO: [ app_init ] --START--
INFO: Run Behavior\BuildLiteBehavior [ RunTime:0.000000s ]
INFO: [ app_init ] --END-- [ RunTime:0.000000s ]
INFO: [ app_begin ] --START--
INFO: Run Behavior\ReadHtmlCacheBehavior [ RunTime:0.000000s ]
INFO: [ app_begin ] --END-- [ RunTime:0.000000s ]
SQL: SHOW COLUMNS FROM `sc_terms` [ RunTime:0.0000s ]
SQL: SELECT `term_id`,`parent_id`,`name`,`linkurl`,`is_page` FROM `sc_terms` WHERE `view` = 1  [ RunTime:0.0000s ]
NOTIC: [8] Undefined variable: seo D:\www\searchsys\Application\Home\Controller\PublicController.class.php 第 120 行.
SQL: SELECT * FROM `sc_terms` ORDER BY sort ASC  [ RunTime:0.0000s ]
SQL: SELECT `is_page` FROM `sc_terms` WHERE `term_id` = 1 LIMIT 1   [ RunTime:0.0000s ]
SQL: SHOW COLUMNS FROM `sc_posts` [ RunTime:0.0000s ]
SQL: SELECT COUNT(*) AS tp_count FROM `sc_posts` WHERE `post_tid` IN ('1') AND `post_status` = 'publish' LIMIT 1   [ RunTime:0.0000s ]
SQL: SELECT posts.id AS id,posts.post_title AS post_title,posts.post_date AS post_date,posts.post_name AS post_name,posts.post_type AS post_type,posts.post_status AS post_status,posts.post_tid AS post_tid,posts.top AS top,terms.name AS name,terms.slug AS slug FROM sc_posts posts LEFT JOIN sc_terms terms ON posts.post_tid = terms.term_id WHERE posts.post_tid IN ('1') AND posts.post_status = 'publish' ORDER BY posts.top DESC,posts.post_date DESC LIMIT 32,8   [ RunTime:0.0000s ]
SQL: SELECT `is_page` FROM `sc_terms` WHERE `term_id` = '1' LIMIT 1   [ RunTime:0.0000s ]
NOTIC: [8] Undefined index: con_webdescription D:\www\searchsys\Application\Home\Controller\NewListController.class.php 第 87 行.
INFO: [ view_parse ] --START--
INFO: [ template_filter ] --START--
INFO: Run Behavior\ContentReplaceBehavior [ RunTime:0.000000s ]
INFO: [ template_filter ] --END-- [ RunTime:0.000000s ]
NOTIC: [8] Use of undefined constant term_id - assumed 'term_id' D:\www\searchsys\Application\Runtime\Cache\Home\44f71aa2c443ebb76f6c68116f4d63c3.php 第 37 行.
NOTIC: [8] Undefined variable: duli D:\www\searchsys\Application\Runtime\Cache\Home\44f71aa2c443ebb76f6c68116f4d63c3.php 第 43 行.
INFO: Run Behavior\ParseTemplateBehavior [ RunTime:0.000000s ]
INFO: [ view_parse ] --END-- [ RunTime:0.000000s ]
INFO: [ view_filter ] --START--
INFO: Run Behavior\WriteHtmlCacheBehavior [ RunTime:0.000000s ]
INFO: [ view_filter ] --END-- [ RunTime:0.000000s ]
INFO: [ app_end ] --START--
INFO: Run Behavior\ShowPageTraceBehavior [ RunTime:0.000000s ]
INFO: [ app_end ] --END-- [ RunTime:0.000000s ]

[ 2015-09-02T09:44:16+08:00 ] 127.0.0.1 /searchsys/NewList/index/tid/1/pid/0/p/favicon.ico
INFO: [ app_init ] --START--
INFO: Run Behavior\BuildLiteBehavior [ RunTime:0.000000s ]
INFO: [ app_init ] --END-- [ RunTime:0.000000s ]

[ 2015-09-02T09:44:17+08:00 ] 127.0.0.1 /searchsys/NewList/index/tid/1/pid/0/p/6.html
INFO: [ app_init ] --START--
INFO: Run Behavior\BuildLiteBehavior [ RunTime:0.000000s ]
INFO: [ app_init ] --END-- [ RunTime:0.000000s ]
INFO: [ app_begin ] --START--
INFO: Run Behavior\ReadHtmlCacheBehavior [ RunTime:0.000000s ]
INFO: [ app_begin ] --END-- [ RunTime:0.000000s ]
SQL: SHOW COLUMNS FROM `sc_terms` [ RunTime:0.0040s ]
SQL: SELECT `term_id`,`parent_id`,`name`,`linkurl`,`is_page` FROM `sc_terms` WHERE `view` = 1  [ RunTime:0.0010s ]
NOTIC: [8] Undefined variable: seo D:\www\searchsys\Application\Home\Controller\PublicController.class.php 第 120 行.
SQL: SELECT * FROM `sc_terms` ORDER BY sort ASC  [ RunTime:0.0010s ]
SQL: SELECT `is_page` FROM `sc_terms` WHERE `term_id` = 1 LIMIT 1   [ RunTime:0.0000s ]
SQL: SHOW COLUMNS FROM `sc_posts` [ RunTime:0.0040s ]
SQL: SELECT COUNT(*) AS tp_count FROM `sc_posts` WHERE `post_tid` IN ('1') AND `post_status` = 'publish' LIMIT 1   [ RunTime:0.0010s ]
SQL: SELECT posts.id AS id,posts.post_title AS post_title,posts.post_date AS post_date,posts.post_name AS post_name,posts.post_type AS post_type,posts.post_status AS post_status,posts.post_tid AS post_tid,posts.top AS top,terms.name AS name,terms.slug AS slug FROM sc_posts posts LEFT JOIN sc_terms terms ON posts.post_tid = terms.term_id WHERE posts.post_tid IN ('1') AND posts.post_status = 'publish' ORDER BY posts.top DESC,posts.post_date DESC LIMIT 40,8   [ RunTime:0.0000s ]
SQL: SELECT `is_page` FROM `sc_terms` WHERE `term_id` = '1' LIMIT 1   [ RunTime:0.0000s ]
NOTIC: [8] Undefined index: con_webdescription D:\www\searchsys\Application\Home\Controller\NewListController.class.php 第 87 行.
INFO: [ view_parse ] --START--
INFO: [ template_filter ] --START--
INFO: Run Behavior\ContentReplaceBehavior [ RunTime:0.000000s ]
INFO: [ template_filter ] --END-- [ RunTime:0.000000s ]
NOTIC: [8] Use of undefined constant term_id - assumed 'term_id' D:\www\searchsys\Application\Runtime\Cache\Home\44f71aa2c443ebb76f6c68116f4d63c3.php 第 37 行.
NOTIC: [8] Undefined variable: duli D:\www\searchsys\Application\Runtime\Cache\Home\44f71aa2c443ebb76f6c68116f4d63c3.php 第 43 行.
INFO: Run Behavior\ParseTemplateBehavior [ RunTime:0.000000s ]
INFO: [ view_parse ] --END-- [ RunTime:0.000000s ]
INFO: [ view_filter ] --START--
INFO: Run Behavior\WriteHtmlCacheBehavior [ RunTime:0.015600s ]
INFO: [ view_filter ] --END-- [ RunTime:0.015600s ]
INFO: [ app_end ] --START--
INFO: Run Behavior\ShowPageTraceBehavior [ RunTime:0.000000s ]
INFO: [ app_end ] --END-- [ RunTime:0.000000s ]

[ 2015-09-02T09:44:17+08:00 ] 127.0.0.1 /searchsys/NewList/index/tid/1/pid/0/p/favicon.ico
INFO: [ app_init ] --START--
INFO: Run Behavior\BuildLiteBehavior [ RunTime:0.000000s ]
INFO: [ app_init ] --END-- [ RunTime:0.000000s ]

[ 2015-09-02T09:44:18+08:00 ] 127.0.0.1 /searchsys/NewList/index/tid/1/pid/0/p/5.html
INFO: [ app_init ] --START--
INFO: Run Behavior\BuildLiteBehavior [ RunTime:0.000000s ]
INFO: [ app_init ] --END-- [ RunTime:0.000000s ]
INFO: [ app_begin ] --START--
INFO: Run Behavior\ReadHtmlCacheBehavior [ RunTime:0.000000s ]
INFO: [ app_begin ] --END-- [ RunTime:0.000000s ]
SQL: SHOW COLUMNS FROM `sc_terms` [ RunTime:0.0000s ]
SQL: SELECT `term_id`,`parent_id`,`name`,`linkurl`,`is_page` FROM `sc_terms` WHERE `view` = 1  [ RunTime:0.0000s ]
NOTIC: [8] Undefined variable: seo D:\www\searchsys\Application\Home\Controller\PublicController.class.php 第 120 行.
SQL: SELECT * FROM `sc_terms` ORDER BY sort ASC  [ RunTime:0.0000s ]
SQL: SELECT `is_page` FROM `sc_terms` WHERE `term_id` = 1 LIMIT 1   [ RunTime:0.0000s ]
SQL: SHOW COLUMNS FROM `sc_posts` [ RunTime:0.0000s ]
SQL: SELECT COUNT(*) AS tp_count FROM `sc_posts` WHERE `post_tid` IN ('1') AND `post_status` = 'publish' LIMIT 1   [ RunTime:0.0000s ]
SQL: SELECT posts.id AS id,posts.post_title AS post_title,posts.post_date AS post_date,posts.post_name AS post_name,posts.post_type AS post_type,posts.post_status AS post_status,posts.post_tid AS post_tid,posts.top AS top,terms.name AS name,terms.slug AS slug FROM sc_posts posts LEFT JOIN sc_terms terms ON posts.post_tid = terms.term_id WHERE posts.post_tid IN ('1') AND posts.post_status = 'publish' ORDER BY posts.top DESC,posts.post_date DESC LIMIT 32,8   [ RunTime:0.0156s ]
SQL: SELECT `is_page` FROM `sc_terms` WHERE `term_id` = '1' LIMIT 1   [ RunTime:0.0000s ]
NOTIC: [8] Undefined index: con_webdescription D:\www\searchsys\Application\Home\Controller\NewListController.class.php 第 87 行.
INFO: [ view_parse ] --START--
INFO: [ template_filter ] --START--
INFO: Run Behavior\ContentReplaceBehavior [ RunTime:0.000000s ]
INFO: [ template_filter ] --END-- [ RunTime:0.000000s ]
NOTIC: [8] Use of undefined constant term_id - assumed 'term_id' D:\www\searchsys\Application\Runtime\Cache\Home\44f71aa2c443ebb76f6c68116f4d63c3.php 第 37 行.
NOTIC: [8] Undefined variable: duli D:\www\searchsys\Application\Runtime\Cache\Home\44f71aa2c443ebb76f6c68116f4d63c3.php 第 43 行.
INFO: Run Behavior\ParseTemplateBehavior [ RunTime:0.000000s ]
INFO: [ view_parse ] --END-- [ RunTime:0.000000s ]
INFO: [ view_filter ] --START--
INFO: Run Behavior\WriteHtmlCacheBehavior [ RunTime:0.000000s ]
INFO: [ view_filter ] --END-- [ RunTime:0.000000s ]
INFO: [ app_end ] --START--
INFO: Run Behavior\ShowPageTraceBehavior [ RunTime:0.000000s ]
INFO: [ app_end ] --END-- [ RunTime:0.000000s ]

[ 2015-09-02T09:44:19+08:00 ] 127.0.0.1 /searchsys/NewList/index/tid/1/pid/0/p/favicon.ico
INFO: [ app_init ] --START--
INFO: Run Behavior\BuildLiteBehavior [ RunTime:0.000000s ]
INFO: [ app_init ] --END-- [ RunTime:0.001000s ]

[ 2015-09-02T09:44:20+08:00 ] 127.0.0.1 /searchsys/NewList/index/tid/1/pid/0/p/4.html
INFO: [ app_init ] --START--
INFO: Run Behavior\BuildLiteBehavior [ RunTime:0.000000s ]
INFO: [ app_init ] --END-- [ RunTime:0.000000s ]
INFO: [ app_begin ] --START--
INFO: Run Behavior\ReadHtmlCacheBehavior [ RunTime:0.000000s ]
INFO: [ app_begin ] --END-- [ RunTime:0.000000s ]
SQL: SHOW COLUMNS FROM `sc_terms` [ RunTime:0.0000s ]
SQL: SELECT `term_id`,`parent_id`,`name`,`linkurl`,`is_page` FROM `sc_terms` WHERE `view` = 1  [ RunTime:0.0000s ]
NOTIC: [8] Undefined variable: seo D:\www\searchsys\Application\Home\Controller\PublicController.class.php 第 120 行.
SQL: SELECT * FROM `sc_terms` ORDER BY sort ASC  [ RunTime:0.0156s ]
SQL: SELECT `is_page` FROM `sc_terms` WHERE `term_id` = 1 LIMIT 1   [ RunTime:0.0000s ]
SQL: SHOW COLUMNS FROM `sc_posts` [ RunTime:0.0000s ]
SQL: SELECT COUNT(*) AS tp_count FROM `sc_posts` WHERE `post_tid` IN ('1') AND `post_status` = 'publish' LIMIT 1   [ RunTime:0.0000s ]
SQL: SELECT posts.id AS id,posts.post_title AS post_title,posts.post_date AS post_date,posts.post_name AS post_name,posts.post_type AS post_type,posts.post_status AS post_status,posts.post_tid AS post_tid,posts.top AS top,terms.name AS name,terms.slug AS slug FROM sc_posts posts LEFT JOIN sc_terms terms ON posts.post_tid = terms.term_id WHERE posts.post_tid IN ('1') AND posts.post_status = 'publish' ORDER BY posts.top DESC,posts.post_date DESC LIMIT 24,8   [ RunTime:0.0000s ]
SQL: SELECT `is_page` FROM `sc_terms` WHERE `term_id` = '1' LIMIT 1   [ RunTime:0.0000s ]
NOTIC: [8] Undefined index: con_webdescription D:\www\searchsys\Application\Home\Controller\NewListController.class.php 第 87 行.
INFO: [ view_parse ] --START--
INFO: [ template_filter ] --START--
INFO: Run Behavior\ContentReplaceBehavior [ RunTime:0.000000s ]
INFO: [ template_filter ] --END-- [ RunTime:0.000000s ]
NOTIC: [8] Use of undefined constant term_id - assumed 'term_id' D:\www\searchsys\Application\Runtime\Cache\Home\44f71aa2c443ebb76f6c68116f4d63c3.php 第 37 行.
NOTIC: [8] Undefined variable: duli D:\www\searchsys\Application\Runtime\Cache\Home\44f71aa2c443ebb76f6c68116f4d63c3.php 第 43 行.
INFO: Run Behavior\ParseTemplateBehavior [ RunTime:0.016600s ]
INFO: [ view_parse ] --END-- [ RunTime:0.016600s ]
INFO: [ view_filter ] --START--
INFO: Run Behavior\WriteHtmlCacheBehavior [ RunTime:0.000000s ]
INFO: [ view_filter ] --END-- [ RunTime:0.000000s ]
INFO: [ app_end ] --START--
INFO: Run Behavior\ShowPageTraceBehavior [ RunTime:0.000000s ]
INFO: [ app_end ] --END-- [ RunTime:0.000000s ]

[ 2015-09-02T09:44:20+08:00 ] 127.0.0.1 /searchsys/NewList/index/tid/1/pid/0/p/favicon.ico
INFO: [ app_init ] --START--
INFO: Run Behavior\BuildLiteBehavior [ RunTime:0.000000s ]
INFO: [ app_init ] --END-- [ RunTime:0.000000s ]

[ 2015-09-02T09:59:10+08:00 ] 127.0.0.1 /searchsys/NewList/index/tid/1/pid/0.html
INFO: [ app_init ] --START--
INFO: Run Behavior\BuildLiteBehavior [ RunTime:0.000000s ]
INFO: [ app_init ] --END-- [ RunTime:0.000000s ]
INFO: [ app_begin ] --START--
INFO: Run Behavior\ReadHtmlCacheBehavior [ RunTime:0.000000s ]
INFO: [ app_begin ] --END-- [ RunTime:0.000000s ]
SQL: SHOW COLUMNS FROM `sc_terms` [ RunTime:0.0040s ]
SQL: SELECT `term_id`,`parent_id`,`name`,`linkurl`,`is_page` FROM `sc_terms` WHERE `view` = 1  [ RunTime:0.0010s ]
NOTIC: [8] Undefined variable: seo D:\www\searchsys\Application\Home\Controller\PublicController.class.php 第 120 行.
NOTIC: [8] Undefined index: p D:\www\searchsys\Application\Home\Controller\NewListController.class.php 第 14 行.
SQL: SELECT * FROM `sc_terms` ORDER BY sort ASC  [ RunTime:0.0010s ]
SQL: SELECT `is_page` FROM `sc_terms` WHERE `term_id` = 1 LIMIT 1   [ RunTime:0.0010s ]
SQL: SHOW COLUMNS FROM `sc_posts` [ RunTime:0.0040s ]
SQL: SELECT COUNT(*) AS tp_count FROM `sc_posts` WHERE `post_tid` IN ('1') AND `post_status` = 'publish' LIMIT 1   [ RunTime:0.0010s ]
SQL: SELECT posts.id AS id,posts.post_title AS post_title,posts.post_date AS post_date,posts.post_name AS post_name,posts.post_type AS post_type,posts.post_status AS post_status,posts.post_tid AS post_tid,posts.top AS top,terms.name AS name,terms.slug AS slug FROM sc_posts posts LEFT JOIN sc_terms terms ON posts.post_tid = terms.term_id WHERE posts.post_tid IN ('1') AND posts.post_status = 'publish' ORDER BY posts.top DESC,posts.post_date DESC LIMIT 0,8   [ RunTime:0.0010s ]
SQL: SELECT `is_page` FROM `sc_terms` WHERE `term_id` = '1' LIMIT 1   [ RunTime:0.0000s ]
NOTIC: [8] Undefined index: con_webdescription D:\www\searchsys\Application\Home\Controller\NewListController.class.php 第 87 行.
INFO: [ view_parse ] --START--
INFO: [ template_filter ] --START--
INFO: Run Behavior\ContentReplaceBehavior [ RunTime:0.000000s ]
INFO: [ template_filter ] --END-- [ RunTime:0.000000s ]
NOTIC: [8] Use of undefined constant term_id - assumed 'term_id' D:\www\searchsys\Application\Runtime\Cache\Home\44f71aa2c443ebb76f6c68116f4d63c3.php 第 37 行.
NOTIC: [8] Undefined variable: duli D:\www\searchsys\Application\Runtime\Cache\Home\44f71aa2c443ebb76f6c68116f4d63c3.php 第 43 行.
INFO: Run Behavior\ParseTemplateBehavior [ RunTime:0.012001s ]
INFO: [ view_parse ] --END-- [ RunTime:0.012001s ]
INFO: [ view_filter ] --START--
INFO: Run Behavior\WriteHtmlCacheBehavior [ RunTime:0.001000s ]
INFO: [ view_filter ] --END-- [ RunTime:0.001000s ]
INFO: [ app_end ] --START--
INFO: Run Behavior\ShowPageTraceBehavior [ RunTime:0.000000s ]
INFO: [ app_end ] --END-- [ RunTime:0.000000s ]

[ 2015-09-02T09:59:10+08:00 ] 127.0.0.1 /searchsys/NewList/index/tid/1/pid/favicon.ico
INFO: [ app_init ] --START--
INFO: Run Behavior\BuildLiteBehavior [ RunTime:0.000000s ]
INFO: [ app_init ] --END-- [ RunTime:0.000000s ]

[ 2015-09-02T10:04:24+08:00 ] 127.0.0.1 /searchsys/NewList/index/tid/1/pid/0.html
INFO: [ app_init ] --START--
INFO: Run Behavior\BuildLiteBehavior [ RunTime:0.000000s ]
INFO: [ app_init ] --END-- [ RunTime:0.000000s ]
INFO: [ app_begin ] --START--
INFO: Run Behavior\ReadHtmlCacheBehavior [ RunTime:0.000000s ]
INFO: [ app_begin ] --END-- [ RunTime:0.000000s ]
SQL: SHOW COLUMNS FROM `sc_terms` [ RunTime:0.0040s ]
SQL: SELECT `term_id`,`parent_id`,`name`,`linkurl`,`is_page` FROM `sc_terms` WHERE `view` = 1  [ RunTime:0.0010s ]
NOTIC: [8] Undefined variable: seo D:\www\searchsys\Application\Home\Controller\PublicController.class.php 第 120 行.
NOTIC: [8] Undefined index: p D:\www\searchsys\Application\Home\Controller\NewListController.class.php 第 14 行.
SQL: SELECT * FROM `sc_terms` ORDER BY sort ASC  [ RunTime:0.0010s ]
SQL: SELECT `is_page` FROM `sc_terms` WHERE `term_id` = 1 LIMIT 1   [ RunTime:0.0000s ]
SQL: SHOW COLUMNS FROM `sc_posts` [ RunTime:0.0030s ]
SQL: SELECT COUNT(*) AS tp_count FROM `sc_posts` WHERE `post_tid` IN ('2','3','4','5','6','7','1') AND `post_status` = 'publish' LIMIT 1   [ RunTime:0.0010s ]
SQL: SELECT posts.id AS id,posts.post_title AS post_title,posts.post_date AS post_date,posts.post_name AS post_name,posts.post_type AS post_type,posts.post_status AS post_status,posts.post_tid AS post_tid,posts.top AS top,terms.name AS name,terms.slug AS slug FROM sc_posts posts LEFT JOIN sc_terms terms ON posts.post_tid = terms.term_id WHERE posts.post_tid IN ('2','3','4','5','6','7','1') AND posts.post_status = 'publish' ORDER BY posts.top DESC,posts.post_date DESC LIMIT 0,8   [ RunTime:0.0010s ]
SQL: SELECT `is_page` FROM `sc_terms` WHERE `term_id` = '1' LIMIT 1   [ RunTime:0.0010s ]
NOTIC: [8] Undefined index: con_webdescription D:\www\searchsys\Application\Home\Controller\NewListController.class.php 第 87 行.
INFO: [ view_parse ] --START--
INFO: [ template_filter ] --START--
INFO: Run Behavior\ContentReplaceBehavior [ RunTime:0.000000s ]
INFO: [ template_filter ] --END-- [ RunTime:0.000000s ]
NOTIC: [8] Use of undefined constant term_id - assumed 'term_id' D:\www\searchsys\Application\Runtime\Cache\Home\44f71aa2c443ebb76f6c68116f4d63c3.php 第 37 行.
NOTIC: [8] Undefined variable: duli D:\www\searchsys\Application\Runtime\Cache\Home\44f71aa2c443ebb76f6c68116f4d63c3.php 第 43 行.
INFO: Run Behavior\ParseTemplateBehavior [ RunTime:0.013000s ]
INFO: [ view_parse ] --END-- [ RunTime:0.013000s ]
INFO: [ view_filter ] --START--
INFO: Run Behavior\WriteHtmlCacheBehavior [ RunTime:0.000000s ]
INFO: [ view_filter ] --END-- [ RunTime:0.000000s ]
INFO: [ app_end ] --START--
INFO: Run Behavior\ShowPageTraceBehavior [ RunTime:0.000000s ]
INFO: [ app_end ] --END-- [ RunTime:0.000000s ]

[ 2015-09-02T10:04:24+08:00 ] 127.0.0.1 /searchsys/NewList/index/tid/1/pid/favicon.ico
INFO: [ app_init ] --START--
INFO: Run Behavior\BuildLiteBehavior [ RunTime:0.000000s ]
INFO: [ app_init ] --END-- [ RunTime:0.001000s ]

[ 2015-09-02T10:04:25+08:00 ] 127.0.0.1 /searchsys/NewList/index/tid/1/pid/0.html
INFO: [ app_init ] --START--
INFO: Run Behavior\BuildLiteBehavior [ RunTime:0.000000s ]
INFO: [ app_init ] --END-- [ RunTime:0.001000s ]
INFO: [ app_begin ] --START--
INFO: Run Behavior\ReadHtmlCacheBehavior [ RunTime:0.001000s ]
INFO: [ app_begin ] --END-- [ RunTime:0.001000s ]
SQL: SHOW COLUMNS FROM `sc_terms` [ RunTime:0.0040s ]
SQL: SELECT `term_id`,`parent_id`,`name`,`linkurl`,`is_page` FROM `sc_terms` WHERE `view` = 1  [ RunTime:0.0010s ]
NOTIC: [8] Undefined variable: seo D:\www\searchsys\Application\Home\Controller\PublicController.class.php 第 120 行.
NOTIC: [8] Undefined index: p D:\www\searchsys\Application\Home\Controller\NewListController.class.php 第 14 行.
SQL: SELECT * FROM `sc_terms` ORDER BY sort ASC  [ RunTime:0.0010s ]
SQL: SELECT `is_page` FROM `sc_terms` WHERE `term_id` = 1 LIMIT 1   [ RunTime:0.0010s ]
SQL: SHOW COLUMNS FROM `sc_posts` [ RunTime:0.0030s ]
SQL: SELECT COUNT(*) AS tp_count FROM `sc_posts` WHERE `post_tid` IN ('2','3','4','5','6','7','1') AND `post_status` = 'publish' LIMIT 1   [ RunTime:0.0010s ]
SQL: SELECT posts.id AS id,posts.post_title AS post_title,posts.post_date AS post_date,posts.post_name AS post_name,posts.post_type AS post_type,posts.post_status AS post_status,posts.post_tid AS post_tid,posts.top AS top,terms.name AS name,terms.slug AS slug FROM sc_posts posts LEFT JOIN sc_terms terms ON posts.post_tid = terms.term_id WHERE posts.post_tid IN ('2','3','4','5','6','7','1') AND posts.post_status = 'publish' ORDER BY posts.top DESC,posts.post_date DESC LIMIT 0,8   [ RunTime:0.0010s ]
SQL: SELECT `is_page` FROM `sc_terms` WHERE `term_id` = '1' LIMIT 1   [ RunTime:0.0010s ]
NOTIC: [8] Undefined index: con_webdescription D:\www\searchsys\Application\Home\Controller\NewListController.class.php 第 87 行.
INFO: [ view_parse ] --START--
INFO: [ template_filter ] --START--
INFO: Run Behavior\ContentReplaceBehavior [ RunTime:0.001000s ]
INFO: [ template_filter ] --END-- [ RunTime:0.001000s ]
NOTIC: [8] Use of undefined constant term_id - assumed 'term_id' D:\www\searchsys\Application\Runtime\Cache\Home\44f71aa2c443ebb76f6c68116f4d63c3.php 第 37 行.
NOTIC: [8] Undefined variable: duli D:\www\searchsys\Application\Runtime\Cache\Home\44f71aa2c443ebb76f6c68116f4d63c3.php 第 43 行.
INFO: Run Behavior\ParseTemplateBehavior [ RunTime:0.012000s ]
INFO: [ view_parse ] --END-- [ RunTime:0.012000s ]
INFO: [ view_filter ] --START--
INFO: Run Behavior\WriteHtmlCacheBehavior [ RunTime:0.000000s ]
INFO: [ view_filter ] --END-- [ RunTime:0.000000s ]
INFO: [ app_end ] --START--
INFO: Run Behavior\ShowPageTraceBehavior [ RunTime:0.001001s ]
INFO: [ app_end ] --END-- [ RunTime:0.001001s ]

[ 2015-09-02T10:04:25+08:00 ] 127.0.0.1 /searchsys/NewList/index/tid/1/pid/favicon.ico
INFO: [ app_init ] --START--
INFO: Run Behavior\BuildLiteBehavior [ RunTime:0.000000s ]
INFO: [ app_init ] --END-- [ RunTime:0.001000s ]

[ 2015-09-02T10:04:30+08:00 ] 127.0.0.1 /searchsys/Home/NewList/index.html
INFO: [ app_init ] --START--
INFO: Run Behavior\BuildLiteBehavior [ RunTime:0.000000s ]
INFO: [ app_init ] --END-- [ RunTime:0.001000s ]
INFO: [ app_begin ] --START--
INFO: Run Behavior\ReadHtmlCacheBehavior [ RunTime:0.002000s ]
INFO: [ app_begin ] --END-- [ RunTime:0.002000s ]
SQL: SHOW COLUMNS FROM `sc_terms` [ RunTime:0.0070s ]
SQL: SELECT `term_id`,`parent_id`,`name`,`linkurl`,`is_page` FROM `sc_terms` WHERE `view` = 1  [ RunTime:0.0010s ]
NOTIC: [8] Undefined variable: seo D:\www\searchsys\Application\Home\Controller\PublicController.class.php 第 120 行.
NOTIC: [8] Undefined index: tid D:\www\searchsys\Application\Home\Controller\NewListController.class.php 第 12 行.
NOTIC: [8] Undefined index: pid D:\www\searchsys\Application\Home\Controller\NewListController.class.php 第 13 行.
NOTIC: [8] Undefined index: p D:\www\searchsys\Application\Home\Controller\NewListController.class.php 第 14 行.
SQL: SELECT * FROM `sc_terms` ORDER BY sort ASC  [ RunTime:0.0010s ]
SQL: SELECT `is_page` FROM `sc_terms` WHERE `term_id` = 0 LIMIT 1   [ RunTime:0.0010s ]
SQL: SHOW COLUMNS FROM `sc_posts` [ RunTime:0.0070s ]
SQL: SELECT COUNT(*) AS tp_count FROM `sc_posts` WHERE `post_tid` IN ('1','2','3','4','5','6','7','0') AND `post_status` = 'publish' LIMIT 1   [ RunTime:0.0010s ]
SQL: SELECT posts.id AS id,posts.post_title AS post_title,posts.post_date AS post_date,posts.post_name AS post_name,posts.post_type AS post_type,posts.post_status AS post_status,posts.post_tid AS post_tid,posts.top AS top,terms.name AS name,terms.slug AS slug FROM sc_posts posts LEFT JOIN sc_terms terms ON posts.post_tid = terms.term_id WHERE posts.post_tid IN ('1','2','3','4','5','6','7','0') AND posts.post_status = 'publish' ORDER BY posts.top DESC,posts.post_date DESC LIMIT 0,8   [ RunTime:0.0010s ]
SQL: SELECT `is_page` FROM `sc_terms` WHERE `term_id` = '1' LIMIT 1   [ RunTime:0.0010s ]
NOTIC: [8] Undefined index: con_webdescription D:\www\searchsys\Application\Home\Controller\NewListController.class.php 第 87 行.
INFO: [ view_parse ] --START--
INFO: [ template_filter ] --START--
INFO: Run Behavior\ContentReplaceBehavior [ RunTime:0.000000s ]
INFO: [ template_filter ] --END-- [ RunTime:0.000000s ]
NOTIC: [8] Use of undefined constant term_id - assumed 'term_id' D:\www\searchsys\Application\Runtime\Cache\Home\44f71aa2c443ebb76f6c68116f4d63c3.php 第 37 行.
NOTIC: [8] Undefined variable: duli D:\www\searchsys\Application\Runtime\Cache\Home\44f71aa2c443ebb76f6c68116f4d63c3.php 第 43 行.
INFO: Run Behavior\ParseTemplateBehavior [ RunTime:0.013001s ]
INFO: [ view_parse ] --END-- [ RunTime:0.013001s ]
INFO: [ view_filter ] --START--
INFO: Run Behavior\WriteHtmlCacheBehavior [ RunTime:0.001000s ]
INFO: [ view_filter ] --END-- [ RunTime:0.001000s ]
INFO: [ app_end ] --START--
INFO: Run Behavior\ShowPageTraceBehavior [ RunTime:0.000000s ]
INFO: [ app_end ] --END-- [ RunTime:0.000000s ]

[ 2015-09-02T10:04:30+08:00 ] 127.0.0.1 /searchsys/Home/NewList/favicon.ico
INFO: [ app_init ] --START--
INFO: Run Behavior\BuildLiteBehavior [ RunTime:0.000000s ]
INFO: [ app_init ] --END-- [ RunTime:0.000000s ]

[ 2015-09-02T10:04:32+08:00 ] 127.0.0.1 /searchsys/NewList/index/tid/1/pid/0.html
INFO: [ app_init ] --START--
INFO: Run Behavior\BuildLiteBehavior [ RunTime:0.000000s ]
INFO: [ app_init ] --END-- [ RunTime:0.001000s ]
INFO: [ app_begin ] --START--
INFO: Run Behavior\ReadHtmlCacheBehavior [ RunTime:0.000000s ]
INFO: [ app_begin ] --END-- [ RunTime:0.000000s ]
SQL: SHOW COLUMNS FROM `sc_terms` [ RunTime:0.0040s ]
SQL: SELECT `term_id`,`parent_id`,`name`,`linkurl`,`is_page` FROM `sc_terms` WHERE `view` = 1  [ RunTime:0.0010s ]
NOTIC: [8] Undefined variable: seo D:\www\searchsys\Application\Home\Controller\PublicController.class.php 第 120 行.
NOTIC: [8] Undefined index: p D:\www\searchsys\Application\Home\Controller\NewListController.class.php 第 14 行.
SQL: SELECT * FROM `sc_terms` ORDER BY sort ASC  [ RunTime:0.0010s ]
SQL: SELECT `is_page` FROM `sc_terms` WHERE `term_id` = 1 LIMIT 1   [ RunTime:0.0010s ]
SQL: SHOW COLUMNS FROM `sc_posts` [ RunTime:0.0040s ]
SQL: SELECT COUNT(*) AS tp_count FROM `sc_posts` WHERE `post_tid` IN ('2','3','4','5','6','7','1') AND `post_status` = 'publish' LIMIT 1   [ RunTime:0.0000s ]
SQL: SELECT posts.id AS id,posts.post_title AS post_title,posts.post_date AS post_date,posts.post_name AS post_name,posts.post_type AS post_type,posts.post_status AS post_status,posts.post_tid AS post_tid,posts.top AS top,terms.name AS name,terms.slug AS slug FROM sc_posts posts LEFT JOIN sc_terms terms ON posts.post_tid = terms.term_id WHERE posts.post_tid IN ('2','3','4','5','6','7','1') AND posts.post_status = 'publish' ORDER BY posts.top DESC,posts.post_date DESC LIMIT 0,8   [ RunTime:0.0010s ]
SQL: SELECT `is_page` FROM `sc_terms` WHERE `term_id` = '1' LIMIT 1   [ RunTime:0.0000s ]
NOTIC: [8] Undefined index: con_webdescription D:\www\searchsys\Application\Home\Controller\NewListController.class.php 第 87 行.
INFO: [ view_parse ] --START--
INFO: [ template_filter ] --START--
INFO: Run Behavior\ContentReplaceBehavior [ RunTime:0.000000s ]
INFO: [ template_filter ] --END-- [ RunTime:0.000000s ]
NOTIC: [8] Use of undefined constant term_id - assumed 'term_id' D:\www\searchsys\Application\Runtime\Cache\Home\44f71aa2c443ebb76f6c68116f4d63c3.php 第 37 行.
NOTIC: [8] Undefined variable: duli D:\www\searchsys\Application\Runtime\Cache\Home\44f71aa2c443ebb76f6c68116f4d63c3.php 第 43 行.
INFO: Run Behavior\ParseTemplateBehavior [ RunTime:0.012001s ]
INFO: [ view_parse ] --END-- [ RunTime:0.012001s ]
INFO: [ view_filter ] --START--
INFO: Run Behavior\WriteHtmlCacheBehavior [ RunTime:0.000000s ]
INFO: [ view_filter ] --END-- [ RunTime:0.000000s ]
INFO: [ app_end ] --START--
INFO: Run Behavior\ShowPageTraceBehavior [ RunTime:0.001000s ]
INFO: [ app_end ] --END-- [ RunTime:0.001000s ]

[ 2015-09-02T10:04:32+08:00 ] 127.0.0.1 /searchsys/NewList/index/tid/1/pid/favicon.ico
INFO: [ app_init ] --START--
INFO: Run Behavior\BuildLiteBehavior [ RunTime:0.000000s ]
INFO: [ app_init ] --END-- [ RunTime:0.000000s ]

[ 2015-09-02T10:04:35+08:00 ] 127.0.0.1 /searchsys/NewList/index/tid/1/pid/0/p/7.html
INFO: [ app_init ] --START--
INFO: Run Behavior\BuildLiteBehavior [ RunTime:0.001000s ]
INFO: [ app_init ] --END-- [ RunTime:0.001000s ]
INFO: [ app_begin ] --START--
INFO: Run Behavior\ReadHtmlCacheBehavior [ RunTime:0.000000s ]
INFO: [ app_begin ] --END-- [ RunTime:0.000000s ]
SQL: SHOW COLUMNS FROM `sc_terms` [ RunTime:0.0030s ]
SQL: SELECT `term_id`,`parent_id`,`name`,`linkurl`,`is_page` FROM `sc_terms` WHERE `view` = 1  [ RunTime:0.0010s ]
NOTIC: [8] Undefined variable: seo D:\www\searchsys\Application\Home\Controller\PublicController.class.php 第 120 行.
SQL: SELECT * FROM `sc_terms` ORDER BY sort ASC  [ RunTime:0.0010s ]
SQL: SELECT `is_page` FROM `sc_terms` WHERE `term_id` = 1 LIMIT 1   [ RunTime:0.0010s ]
SQL: SHOW COLUMNS FROM `sc_posts` [ RunTime:0.0040s ]
SQL: SELECT COUNT(*) AS tp_count FROM `sc_posts` WHERE `post_tid` IN ('2','3','4','5','6','7','1') AND `post_status` = 'publish' LIMIT 1   [ RunTime:0.0010s ]
SQL: SELECT posts.id AS id,posts.post_title AS post_title,posts.post_date AS post_date,posts.post_name AS post_name,posts.post_type AS post_type,posts.post_status AS post_status,posts.post_tid AS post_tid,posts.top AS top,terms.name AS name,terms.slug AS slug FROM sc_posts posts LEFT JOIN sc_terms terms ON posts.post_tid = terms.term_id WHERE posts.post_tid IN ('2','3','4','5','6','7','1') AND posts.post_status = 'publish' ORDER BY posts.top DESC,posts.post_date DESC LIMIT 48,8   [ RunTime:0.0010s ]
SQL: SELECT `is_page` FROM `sc_terms` WHERE `term_id` = '1' LIMIT 1   [ RunTime:0.0010s ]
NOTIC: [8] Undefined index: con_webdescription D:\www\searchsys\Application\Home\Controller\NewListController.class.php 第 87 行.
INFO: [ view_parse ] --START--
INFO: [ template_filter ] --START--
INFO: Run Behavior\ContentReplaceBehavior [ RunTime:0.000000s ]
INFO: [ template_filter ] --END-- [ RunTime:0.000000s ]
NOTIC: [8] Use of undefined constant term_id - assumed 'term_id' D:\www\searchsys\Application\Runtime\Cache\Home\44f71aa2c443ebb76f6c68116f4d63c3.php 第 37 行.
NOTIC: [8] Undefined variable: duli D:\www\searchsys\Application\Runtime\Cache\Home\44f71aa2c443ebb76f6c68116f4d63c3.php 第 43 行.
INFO: Run Behavior\ParseTemplateBehavior [ RunTime:0.013000s ]
INFO: [ view_parse ] --END-- [ RunTime:0.013000s ]
INFO: [ view_filter ] --START--
INFO: Run Behavior\WriteHtmlCacheBehavior [ RunTime:0.001000s ]
INFO: [ view_filter ] --END-- [ RunTime:0.001000s ]
INFO: [ app_end ] --START--
INFO: Run Behavior\ShowPageTraceBehavior [ RunTime:0.001000s ]
INFO: [ app_end ] --END-- [ RunTime:0.001000s ]

[ 2015-09-02T10:04:35+08:00 ] 127.0.0.1 /searchsys/NewList/index/tid/1/pid/0/p/favicon.ico
INFO: [ app_init ] --START--
INFO: Run Behavior\BuildLiteBehavior [ RunTime:0.000000s ]
INFO: [ app_init ] --END-- [ RunTime:0.000000s ]

[ 2015-09-02T10:04:39+08:00 ] 127.0.0.1 /searchsys/NewList/index/tid/1/pid/0.html
INFO: [ app_init ] --START--
INFO: Run Behavior\BuildLiteBehavior [ RunTime:0.000000s ]
INFO: [ app_init ] --END-- [ RunTime:0.000000s ]
INFO: [ app_begin ] --START--
INFO: Run Behavior\ReadHtmlCacheBehavior [ RunTime:0.001000s ]
INFO: [ app_begin ] --END-- [ RunTime:0.001000s ]
SQL: SHOW COLUMNS FROM `sc_terms` [ RunTime:0.0030s ]
SQL: SELECT `term_id`,`parent_id`,`name`,`linkurl`,`is_page` FROM `sc_terms` WHERE `view` = 1  [ RunTime:0.0010s ]
NOTIC: [8] Undefined variable: seo D:\www\searchsys\Application\Home\Controller\PublicController.class.php 第 120 行.
NOTIC: [8] Undefined index: p D:\www\searchsys\Application\Home\Controller\NewListController.class.php 第 14 行.
SQL: SELECT * FROM `sc_terms` ORDER BY sort ASC  [ RunTime:0.0010s ]
SQL: SELECT `is_page` FROM `sc_terms` WHERE `term_id` = 1 LIMIT 1   [ RunTime:0.0010s ]
SQL: SHOW COLUMNS FROM `sc_posts` [ RunTime:0.0030s ]
SQL: SELECT COUNT(*) AS tp_count FROM `sc_posts` WHERE `post_tid` IN ('2','3','4','5','6','7','1') AND `post_status` = 'publish' LIMIT 1   [ RunTime:0.0010s ]
SQL: SELECT posts.id AS id,posts.post_title AS post_title,posts.post_date AS post_date,posts.post_name AS post_name,posts.post_type AS post_type,posts.post_status AS post_status,posts.post_tid AS post_tid,posts.top AS top,terms.name AS name,terms.slug AS slug FROM sc_posts posts LEFT JOIN sc_terms terms ON posts.post_tid = terms.term_id WHERE posts.post_tid IN ('2','3','4','5','6','7','1') AND posts.post_status = 'publish' ORDER BY posts.top DESC,posts.post_date DESC LIMIT 0,8   [ RunTime:0.0010s ]
SQL: SELECT `is_page` FROM `sc_terms` WHERE `term_id` = '1' LIMIT 1   [ RunTime:0.0010s ]
NOTIC: [8] Undefined index: con_webdescription D:\www\searchsys\Application\Home\Controller\NewListController.class.php 第 87 行.
INFO: [ view_parse ] --START--
INFO: [ template_filter ] --START--
INFO: Run Behavior\ContentReplaceBehavior [ RunTime:0.000000s ]
INFO: [ template_filter ] --END-- [ RunTime:0.000000s ]
NOTIC: [8] Use of undefined constant term_id - assumed 'term_id' D:\www\searchsys\Application\Runtime\Cache\Home\44f71aa2c443ebb76f6c68116f4d63c3.php 第 37 行.
NOTIC: [8] Undefined variable: duli D:\www\searchsys\Application\Runtime\Cache\Home\44f71aa2c443ebb76f6c68116f4d63c3.php 第 43 行.
INFO: Run Behavior\ParseTemplateBehavior [ RunTime:0.012001s ]
INFO: [ view_parse ] --END-- [ RunTime:0.012001s ]
INFO: [ view_filter ] --START--
INFO: Run Behavior\WriteHtmlCacheBehavior [ RunTime:0.000000s ]
INFO: [ view_filter ] --END-- [ RunTime:0.000000s ]
INFO: [ app_end ] --START--
INFO: Run Behavior\ShowPageTraceBehavior [ RunTime:0.000000s ]
INFO: [ app_end ] --END-- [ RunTime:0.000000s ]

[ 2015-09-02T10:04:39+08:00 ] 127.0.0.1 /searchsys/NewList/index/tid/1/pid/favicon.ico
INFO: [ app_init ] --START--
INFO: Run Behavior\BuildLiteBehavior [ RunTime:0.000000s ]
INFO: [ app_init ] --END-- [ RunTime:0.000000s ]

[ 2015-09-02T10:04:43+08:00 ] 127.0.0.1 /searchsys/NewList/index/tid/1/pid/0.html
INFO: [ app_init ] --START--
INFO: Run Behavior\BuildLiteBehavior [ RunTime:0.000000s ]
INFO: [ app_init ] --END-- [ RunTime:0.001000s ]
INFO: [ app_begin ] --START--
INFO: Run Behavior\ReadHtmlCacheBehavior [ RunTime:0.001000s ]
INFO: [ app_begin ] --END-- [ RunTime:0.002000s ]
SQL: SHOW COLUMNS FROM `sc_terms` [ RunTime:0.0030s ]
SQL: SELECT `term_id`,`parent_id`,`name`,`linkurl`,`is_page` FROM `sc_terms` WHERE `view` = 1  [ RunTime:0.0010s ]
NOTIC: [8] Undefined variable: seo D:\www\searchsys\Application\Home\Controller\PublicController.class.php 第 120 行.
NOTIC: [8] Undefined index: p D:\www\searchsys\Application\Home\Controller\NewListController.class.php 第 14 行.
SQL: SELECT * FROM `sc_terms` ORDER BY sort ASC  [ RunTime:0.0010s ]
SQL: SELECT `is_page` FROM `sc_terms` WHERE `term_id` = 1 LIMIT 1   [ RunTime:0.0010s ]
SQL: SHOW COLUMNS FROM `sc_posts` [ RunTime:0.0040s ]
SQL: SELECT COUNT(*) AS tp_count FROM `sc_posts` WHERE `post_tid` IN ('2','3','4','5','6','7','1') AND `post_status` = 'publish' LIMIT 1   [ RunTime:0.0010s ]
SQL: SELECT posts.id AS id,posts.post_title AS post_title,posts.post_date AS post_date,posts.post_name AS post_name,posts.post_type AS post_type,posts.post_status AS post_status,posts.post_tid AS post_tid,posts.top AS top,terms.name AS name,terms.slug AS slug FROM sc_posts posts LEFT JOIN sc_terms terms ON posts.post_tid = terms.term_id WHERE posts.post_tid IN ('2','3','4','5','6','7','1') AND posts.post_status = 'publish' ORDER BY posts.top DESC,posts.post_date DESC LIMIT 0,8   [ RunTime:0.0010s ]
SQL: SELECT `is_page` FROM `sc_terms` WHERE `term_id` = '1' LIMIT 1   [ RunTime:0.0010s ]
NOTIC: [8] Undefined index: con_webdescription D:\www\searchsys\Application\Home\Controller\NewListController.class.php 第 87 行.
INFO: [ view_parse ] --START--
INFO: [ template_filter ] --START--
INFO: Run Behavior\ContentReplaceBehavior [ RunTime:0.000000s ]
INFO: [ template_filter ] --END-- [ RunTime:0.001000s ]
NOTIC: [8] Use of undefined constant term_id - assumed 'term_id' D:\www\searchsys\Application\Runtime\Cache\Home\44f71aa2c443ebb76f6c68116f4d63c3.php 第 37 行.
NOTIC: [8] Undefined variable: duli D:\www\searchsys\Application\Runtime\Cache\Home\44f71aa2c443ebb76f6c68116f4d63c3.php 第 43 行.
INFO: Run Behavior\ParseTemplateBehavior [ RunTime:0.012000s ]
INFO: [ view_parse ] --END-- [ RunTime:0.012000s ]
INFO: [ view_filter ] --START--
INFO: Run Behavior\WriteHtmlCacheBehavior [ RunTime:0.001000s ]
INFO: [ view_filter ] --END-- [ RunTime:0.001000s ]
INFO: [ app_end ] --START--
INFO: Run Behavior\ShowPageTraceBehavior [ RunTime:0.001000s ]
INFO: [ app_end ] --END-- [ RunTime:0.001000s ]

[ 2015-09-02T10:04:43+08:00 ] 127.0.0.1 /searchsys/NewList/index/tid/1/pid/favicon.ico
INFO: [ app_init ] --START--
INFO: Run Behavior\BuildLiteBehavior [ RunTime:0.000000s ]
INFO: [ app_init ] --END-- [ RunTime:0.000000s ]

